{"numTotalTestSuites":205,"numPassedTestSuites":177,"numFailedTestSuites":28,"numPendingTestSuites":0,"numTotalTests":1082,"numPassedTests":1029,"numFailedTests":48,"numPendingTests":5,"numTodoTests":0,"snapshot":{"added":0,"failure":false,"filesAdded":0,"filesRemoved":0,"filesRemovedList":[],"filesUnmatched":0,"filesUpdated":0,"matched":0,"total":0,"unchecked":0,"uncheckedKeysByFile":[],"unmatched":0,"updated":0,"didUpdate":false},"startTime":1790069681573,"success":false,"testResults":[{"assertionResults":[{"ancestorTitles":["Admin Chinese and notification popover V1"],"fullName":"Admin Chinese and notification popover V1 keeps the visible admin navigation copy in Chinese","status":"failed","title":"keeps the visible admin navigation copy in Chinese","duration":37.49589999999989,"failureMessages":["AssertionError: expected 'import {\\n  Component,\\n  useEffect,\\…' to match /to=\"\\/admin\\/judge\\/nodes\"[\\s\\S…/admin\\\n    at D:/OJPlatform-worktrees/fullstack-sync-v1/tests/admin-cn-notification-v1.test.tsx:71:20\n    at file:///D:/OJPlatform-worktrees/fullstack-sync-v1/node_modules/.pnpm/@vitest+runner@4.1.11/node_modules/@vitest/runner/dist/chunk-artifact.js:1903:20"],"meta":{},"tags":[]},{"ancestorTitles":["Admin Chinese and notification popover V1"],"fullName":"Admin Chinese and notification popover V1 shows Chinese page, section, card, status, action, and helper copy","status":"passed","title":"shows Chinese page, section, card, status, action, and helper copy","duration":571.2869999999994,"failureMessages":[],"meta":{},"tags":[]},{"ancestorTitles":["Admin Chinese and notification popover V1"],"fullName":"Admin Chinese and notification popover V1 maps every Judge node state for display without changing enum values","status":"passed","title":"maps every Judge node state for display without changing enum values","duration":0.9479000000001179,"failureMessages":[],"meta":{},"tags":[]},{"ancestorTitles":["Admin Chinese and notification popover V1"],"fullName":"Admin Chinese and notification popover V1 shows Chinese detail labels while preserving technical identifiers","status":"passed","title":"shows Chinese detail labels while preserving technical identifiers","duration":305.3696999999993,"failureMessages":[],"meta":{},"tags":[]},{"ancestorTitles":["Admin Chinese and notification popover V1"],"fullName":"Admin Chinese and notification popover V1 shows Chinese empty and loading states","status":"passed","title":"shows Chinese empty and loading states","duration":51.92650000000049,"failureMessages":[],"meta":{},"tags":[]},{"ancestorTitles":["Admin Chinese and notification popover V1"],"fullName":"Admin Chinese and notification popover V1 localizes errors while retaining HTTP status and backend error code","status":"passed","title":"localizes errors while retaining HTTP status and backend error code","duration":50.58780000000024,"failureMessages":[],"meta":{},"tags":[]},{"ancestorTitles":["Admin Chinese and notification popover V1"],"fullName":"Admin Chinese and notification popover V1 opens, preserves inside clicks, closes outside, and toggles from bell","status":"passed","title":"opens, preserves inside clicks, closes outside, and toggles from bell","duration":19.14090000000033,"failureMessages":[],"meta":{},"tags":[]},{"ancestorTitles":["Admin Chinese and notification popover V1"],"fullName":"Admin Chinese and notification popover V1 closes from X and Escape","status":"passed","title":"closes from X and Escape","duration":38.20039999999972,"failureMessages":[],"meta":{},"tags":[]},{"ancestorTitles":["Admin Chinese and notification popover V1"],"fullName":"Admin Chinese and notification popover V1 removes document listeners when unmounted","status":"passed","title":"removes document listeners when unmounted","duration":20.426400000000285,"failureMessages":[],"meta":{},"tags":[]}],"startTime":1790069687004,"endTime":1790069688099.4265,"status":"failed","message":"","name":"D:/OJPlatform-worktrees/fullstack-sync-v1/tests/admin-cn-notification-v1.test.tsx"},{"assertionResults":[{"ancestorTitles":["admin cross-owner submission source access V2"],"fullName":"admin cross-owner submission source access V2 uses the canonical source endpoint from Web client","status":"passed","title":"uses the canonical source endpoint from Web client","duration":14.24499999999989,"failureMessages":[],"meta":{},"tags":[]},{"ancestorTitles":["admin cross-owner submission source access V2"],"fullName":"admin cross-owner submission source access V2 allows owner and explicit capability, denies other and anonymous","status":"passed","title":"allows owner and explicit capability, denies other and anonymous","duration":140.15840000000003,"failureMessages":[],"meta":{},"tags":[]},{"ancestorTitles":["admin cross-owner submission source access V2"],"fullName":"admin cross-owner submission source access V2 carries authenticated operator capability into the real Product endpoint","status":"passed","title":"carries authenticated operator capability into the real Product endpoint","duration":358.88700000000017,"failureMessages":[],"meta":{},"tags":[]}],"startTime":1790069689625,"endTime":1790069690138.887,"status":"passed","message":"","name":"D:/OJPlatform-worktrees/fullstack-sync-v1/tests/admin-source-access-v2.test.ts"},{"assertionResults":[{"ancestorTitles":["API platform contract"],"fullName":"API platform contract serves health, readiness, request IDs, and controlled errors","status":"passed","title":"serves health, readiness, request IDs, and controlled errors","duration":620.8735000000001,"failureMessages":[],"meta":{},"tags":[]},{"ancestorTitles":["API platform contract"],"fullName":"API platform contract bounds incoming request IDs and hides internal errors","status":"passed","title":"bounds incoming request IDs and hides internal errors","duration":73.61820000000034,"failureMessages":[],"meta":{},"tags":[]},{"ancestorTitles":["API platform contract"],"fullName":"API platform contract publishes required OpenAPI paths","status":"passed","title":"publishes required OpenAPI paths","duration":82.60540000000037,"failureMessages":[],"meta":{},"tags":[]},{"ancestorTitles":["API platform contract"],"fullName":"API platform contract allows credentialed CORS only for configured origins","status":"passed","title":"allows credentialed CORS only for configured origins","duration":45.23610000000008,"failureMessages":[],"meta":{},"tags":[]}],"startTime":1790069694049,"endTime":1790069694872.236,"status":"passed","message":"","name":"D:/OJPlatform-worktrees/fullstack-sync-v1/tests/api.test.ts"},{"assertionResults":[{"ancestorTitles":["team assignments"],"fullName":"team assignments derives visibility and progress from team membership and accepted submissions","status":"passed","title":"derives visibility and progress from team membership and accepted submissions","duration":7.925499999999943,"failureMessages":[],"meta":{},"tags":[]},{"ancestorTitles":["team assignments"],"fullName":"team assignments rejects member creation and duplicate problems","status":"passed","title":"rejects member creation and duplicate problems","duration":0.976099999999974,"failureMessages":[],"meta":{},"tags":[]}],"startTime":1790069698115,"endTime":1790069698123.976,"status":"passed","message":"","name":"D:/OJPlatform-worktrees/fullstack-sync-v1/tests/assignment.test.ts"},{"assertionResults":[{"ancestorTitles":["auth foundation"],"fullName":"auth foundation uses session cookies by default and finite persistent cookies only when remembered","status":"passed","title":"uses session cookies by default and finite persistent cookies only when remembered","duration":426.51829999999995,"failureMessages":[],"meta":{},"tags":[]},{"ancestorTitles":["auth foundation"],"fullName":"auth foundation registers, logs in, reads me, and logs out without exposing password","status":"passed","title":"registers, logs in, reads me, and logs out without exposing password","duration":168.5027,"failureMessages":[],"meta":{},"tags":[]},{"ancestorTitles":["auth foundation"],"fullName":"auth foundation rejects malformed registration and hides nonexistent identity","status":"passed","title":"rejects malformed registration and hides nonexistent identity","duration":6.483500000000049,"failureMessages":[],"meta":{},"tags":[]},{"ancestorTitles":["auth foundation"],"fullName":"auth foundation projects submission capability from server authorization resolver","status":"passed","title":"projects submission capability from server authorization resolver","duration":62.90689999999995,"failureMessages":[],"meta":{},"tags":[]},{"ancestorTitles":["auth foundation"],"fullName":"auth foundation serves a safe account view and manages sessions through the authenticated boundary","status":"passed","title":"serves a safe account view and manages sessions through the authenticated boundary","duration":130.61979999999994,"failureMessages":[],"meta":{},"tags":[]}],"startTime":1790069689637,"endTime":1790069690432.6199,"status":"passed","message":"","name":"D:/OJPlatform-worktrees/fullstack-sync-v1/tests/auth.test.ts"},{"assertionResults":[{"ancestorTitles":["Authenticated route gate"],"fullName":"Authenticated route gate does not misreport an unavailable auth service as a logged-out session","status":"passed","title":"does not misreport an unavailable auth service as a logged-out session","duration":226.6858999999995,"failureMessages":[],"meta":{},"tags":[]},{"ancestorTitles":["Authenticated route gate"],"fullName":"Authenticated route gate blocks a direct contest-create route for an unauthenticated session","status":"passed","title":"blocks a direct contest-create route for an unauthenticated session","duration":50.681799999999384,"failureMessages":[],"meta":{},"tags":[]},{"ancestorTitles":["Authenticated route gate"],"fullName":"Authenticated route gate does not misreport a Judge capability outage as forbidden","status":"passed","title":"does not misreport a Judge capability outage as forbidden","duration":46.887000000000626,"failureMessages":[],"meta":{},"tags":[]},{"ancestorTitles":["Session logout"],"fullName":"Session logout keeps the local session intact when server logout fails","status":"passed","title":"keeps the local session intact when server logout fails","duration":69.93309999999929,"failureMessages":[],"meta":{},"tags":[]}],"startTime":1790069698467,"endTime":1790069698861.933,"status":"passed","message":"","name":"D:/OJPlatform-worktrees/fullstack-sync-v1/tests/authenticated-route-gate.test.tsx"},{"assertionResults":[{"ancestorTitles":["Unified authoring UX"],"fullName":"Unified authoring UX renders, stacks, manually dismisses and auto-dismisses toasts","status":"passed","title":"renders, stacks, manually dismisses and auto-dismisses toasts","duration":233.42529999999988,"failureMessages":[],"meta":{},"tags":[]},{"ancestorTitles":["Unified authoring UX"],"fullName":"Unified authoring UX uses shared authoring toolbar and article metadata controls","status":"passed","title":"uses shared authoring toolbar and article metadata controls","duration":54.25590000000011,"failureMessages":[],"meta":{},"tags":[]}],"startTime":1790069697323,"endTime":1790069697610.2559,"status":"passed","message":"","name":"D:/OJPlatform-worktrees/fullstack-sync-v1/tests/authoring-ux-wave2.test.tsx"},{"assertionResults":[{"ancestorTitles":["authorization foundation"],"fullName":"authorization foundation denies malformed or missing contexts and allows assigned permissions","status":"passed","title":"denies malformed or missing contexts and allows assigned permissions","duration":2.706299999999942,"failureMessages":[],"meta":{},"tags":[]},{"ancestorTitles":["authorization foundation"],"fullName":"authorization foundation revokes individual and all sessions and blocks disabled accounts","status":"passed","title":"revokes individual and all sessions and blocks disabled accounts","duration":170.8832,"failureMessages":[],"meta":{},"tags":[]},{"ancestorTitles":["authorization foundation"],"fullName":"authorization foundation rejects a disabled user session after lifecycle transition","status":"passed","title":"rejects a disabled user session after lifecycle transition","duration":162.70119999999997,"failureMessages":[],"meta":{},"tags":[]},{"ancestorTitles":["authorization foundation"],"fullName":"authorization foundation maps persistent session metadata without exposing token hashes","status":"passed","title":"maps persistent session metadata without exposing token hashes","duration":1.9928999999999633,"failureMessages":[],"meta":{},"tags":[]}],"startTime":1790069693976,"endTime":1790069694313.993,"status":"passed","message":"","name":"D:/OJPlatform-worktrees/fullstack-sync-v1/tests/authz.test.ts"},{"assertionResults":[{"ancestorTitles":["Blog Comment UI Repair V1"],"fullName":"Blog Comment UI Repair V1 keeps composer before feed and sorts real comments by heat or time","status":"passed","title":"keeps composer before feed and sorts real comments by heat or time","duration":783.4538000000002,"failureMessages":[],"meta":{},"tags":[]},{"ancestorTitles":["Blog Comment UI Repair V1"],"fullName":"Blog Comment UI Repair V1 opens a compact focused reply composer and preserves capability actions","status":"passed","title":"opens a compact focused reply composer and preserves capability actions","duration":699.6948999999995,"failureMessages":[],"meta":{},"tags":[]}],"startTime":1790069688050,"endTime":1790069689532.6948,"status":"passed","message":"","name":"D:/OJPlatform-worktrees/fullstack-sync-v1/tests/blog-comment-ui-repair-v1.test.tsx"},{"assertionResults":[{"ancestorTitles":["ad-hoc code run API"],"fullName":"ad-hoc code run API validates cpp20 and bounded input","status":"passed","title":"validates cpp20 and bounded input","duration":4.393900000000031,"failureMessages":[],"meta":{},"tags":[]},{"ancestorTitles":["ad-hoc code run API"],"fullName":"ad-hoc code run API creates and polls a run without submission routes","status":"passed","title":"creates and polls a run without submission routes","duration":189.89099999999996,"failureMessages":[],"meta":{},"tags":[]},{"ancestorTitles":["ad-hoc code run API"],"fullName":"ad-hoc code run API uses explicit ad-hoc linkage and no hidden testcase manifest","status":"passed","title":"uses explicit ad-hoc linkage and no hidden testcase manifest","duration":1.2379000000000815,"failureMessages":[],"meta":{},"tags":[]},{"ancestorTitles":["ad-hoc code run API"],"fullName":"ad-hoc code run API translates Judge terminal statuses","status":"passed","title":"translates Judge terminal statuses","duration":0.38419999999996435,"failureMessages":[],"meta":{},"tags":[]}],"startTime":1790069696038,"endTime":1790069696234.3843,"status":"passed","message":"","name":"D:/OJPlatform-worktrees/fullstack-sync-v1/tests/code-run-api.test.ts"},{"assertionResults":[{"ancestorTitles":["runtime configuration"],"fullName":"runtime configuration rejects malformed infrastructure URLs","status":"passed","title":"rejects malformed infrastructure URLs","duration":3.7965000000000373,"failureMessages":[],"meta":{},"tags":[]},{"ancestorTitles":["runtime configuration"],"fullName":"runtime configuration uses documented local-only defaults","status":"passed","title":"uses documented local-only defaults","duration":1.3408000000000015,"failureMessages":[],"meta":{},"tags":[]},{"ancestorTitles":["runtime configuration"],"fullName":"runtime configuration accepts only explicit CORS origins","status":"passed","title":"accepts only explicit CORS origins","duration":0.9062999999999874,"failureMessages":[],"meta":{},"tags":[]}],"startTime":1790069698055,"endTime":1790069698061.9062,"status":"passed","message":"","name":"D:/OJPlatform-worktrees/fullstack-sync-v1/tests/config.test.ts"},{"assertionResults":[{"ancestorTitles":["Contest development fixture against PostgreSQL"],"fullName":"Contest development fixture against PostgreSQL requires an explicit development switch","status":"passed","title":"requires an explicit development switch","duration":374.52649999999994,"failureMessages":[],"meta":{},"tags":[]},{"ancestorTitles":["Contest development fixture against PostgreSQL"],"fullName":"Contest development fixture against PostgreSQL seeds deterministic relations, preserves non-fixture data, and cleans only its provenance","status":"failed","title":"seeds deterministic relations, preserves non-fixture data, and cleans only its provenance","duration":5020.6777,"failureMessages":["Error: STACK_TRACE_ERROR\n    at task (file:///D:/OJPlatform-worktrees/fullstack-sync-v1/node_modules/.pnpm/@vitest+runner@4.1.11/node_modules/@vitest/runner/dist/chunk-artifact.js:1784:27)\n    at Object.<anonymous> (file:///D:/OJPlatform-worktrees/fullstack-sync-v1/node_modules/.pnpm/@vitest+runner@4.1.11/node_modules/@vitest/runner/dist/chunk-artifact.js:1817:16)\n    at Object.<anonymous> (file:///D:/OJPlatform-worktrees/fullstack-sync-v1/node_modules/.pnpm/@vitest+runner@4.1.11/node_modules/@vitest/runner/dist/chunk-artifact.js:1563:28)\n    at chain (file:///D:/OJPlatform-worktrees/fullstack-sync-v1/node_modules/.pnpm/@vitest+runner@4.1.11/node_modules/@vitest/runner/dist/chunk-artifact.js:599:14)\n    at D:/OJPlatform-worktrees/fullstack-sync-v1/tests/contest-development-fixtures.integration.test.ts:89:3\n    at file:///D:/OJPlatform-worktrees/fullstack-sync-v1/node_modules/.pnpm/@vitest+runner@4.1.11/node_modules/@vitest/runner/dist/chunk-artifact.js:1889:40\n    at runWithSuite (file:///D:/OJPlatform-worktrees/fullstack-sync-v1/node_modules/.pnpm/@vitest+runner@4.1.11/node_modules/@vitest/runner/dist/chunk-artifact.js:2258:8)\n    at Object.collect (file:///D:/OJPlatform-worktrees/fullstack-sync-v1/node_modules/.pnpm/@vitest+runner@4.1.11/node_modules/@vitest/runner/dist/chunk-artifact.js:1889:10)\n    at Object.collect (file:///D:/OJPlatform-worktrees/fullstack-sync-v1/node_modules/.pnpm/@vitest+runner@4.1.11/node_modules/@vitest/runner/dist/chunk-artifact.js:1893:54)\n    at processTicksAndRejections (node:internal/process/task_queues:105:5)"],"meta":{},"tags":[]}],"startTime":1790069683681,"endTime":1790069689076.6777,"status":"failed","message":"","name":"D:/OJPlatform-worktrees/fullstack-sync-v1/tests/contest-development-fixtures.integration.test.ts"},{"assertionResults":[{"ancestorTitles":["Contest feature extraction"],"fullName":"Contest feature extraction keeps landing data, links, and navigation in the feature","status":"passed","title":"keeps landing data, links, and navigation in the feature","duration":285.8604999999998,"failureMessages":[],"meta":{},"tags":[]},{"ancestorTitles":["Contest feature extraction"],"fullName":"Contest feature extraction preserves loading, error retry, and empty states","status":"passed","title":"preserves loading, error retry, and empty states","duration":441.59310000000005,"failureMessages":[],"meta":{},"tags":[]},{"ancestorTitles":["Contest feature extraction"],"fullName":"Contest feature extraction keeps ContestExperience as the route-compatible feature entry","status":"passed","title":"keeps ContestExperience as the route-compatible feature entry","duration":37.2509,"failureMessages":[],"meta":{},"tags":[]}],"startTime":1790069693541,"endTime":1790069694306.251,"status":"passed","message":"","name":"D:/OJPlatform-worktrees/fullstack-sync-v1/tests/contest-feature-extraction.test.tsx"},{"assertionResults":[{"ancestorTitles":["contest and messaging foundation against PostgreSQL and Redis"],"fullName":"contest and messaging foundation against PostgreSQL and Redis creates a contest atomically, preserves private access authorization, and reports unavailable standings","status":"passed","title":"creates a contest atomically, preserves private access authorization, and reports unavailable standings","duration":499.8647000000001,"failureMessages":[],"meta":{},"tags":[]},{"ancestorTitles":["contest and messaging foundation against PostgreSQL and Redis"],"fullName":"contest and messaging foundation against PostgreSQL and Redis enforces canonical friendship, direct message idempotency, notifications, and real Redis limits","status":"passed","title":"enforces canonical friendship, direct message idempotency, notifications, and real Redis limits","duration":232.9038999999998,"failureMessages":[],"meta":{},"tags":[]},{"ancestorTitles":["contest and messaging foundation against PostgreSQL and Redis"],"fullName":"contest and messaging foundation against PostgreSQL and Redis fails closed when the rate-limit dependency is unavailable","status":"passed","title":"fails closed when the rate-limit dependency is unavailable","duration":4.512500000000273,"failureMessages":[],"meta":{},"tags":[]}],"startTime":1790069684166,"endTime":1790069684903.5125,"status":"passed","message":"","name":"D:/OJPlatform-worktrees/fullstack-sync-v1/tests/contest-social-foundation.integration.test.ts"},{"assertionResults":[{"ancestorTitles":["Phase 7A deployment contract"],"fullName":"Phase 7A deployment contract keeps Docker Compose as the only container orchestrator","status":"passed","title":"keeps Docker Compose as the only container orchestrator","duration":2.406099999999924,"failureMessages":[],"meta":{},"tags":[]},{"ancestorTitles":["Phase 7A deployment contract"],"fullName":"Phase 7A deployment contract decouples Core/Judge operations from the OnlineCodeEditor build input","status":"passed","title":"decouples Core/Judge operations from the OnlineCodeEditor build input","duration":0.6108000000000402,"failureMessages":[],"meta":{},"tags":[]},{"ancestorTitles":["Phase 7A deployment contract"],"fullName":"Phase 7A deployment contract pins OnlineCodeEditor as a submodule with an exact commit","status":"passed","title":"pins OnlineCodeEditor as a submodule with an exact commit","duration":118.69720000000007,"failureMessages":[],"meta":{},"tags":[]},{"ancestorTitles":["Phase 7A deployment contract"],"fullName":"Phase 7A deployment contract never requires a machine-specific plugin path","status":"passed","title":"never requires a machine-specific plugin path","duration":0.509200000000078,"failureMessages":[],"meta":{},"tags":[]},{"ancestorTitles":["Phase 7A deployment contract"],"fullName":"Phase 7A deployment contract keeps the OnlineCodeEditor checkout out of the main build context","status":"passed","title":"keeps the OnlineCodeEditor checkout out of the main build context","duration":1.0324999999999136,"failureMessages":[],"meta":{},"tags":[]},{"ancestorTitles":["Phase 7A deployment contract"],"fullName":"Phase 7A deployment contract exposes exactly one host provisioning script for non-Compose resources","status":"passed","title":"exposes exactly one host provisioning script for non-Compose resources","duration":0.6730000000000018,"failureMessages":[],"meta":{},"tags":[]},{"ancestorTitles":["Phase 7A deployment contract"],"fullName":"Phase 7A deployment contract never grants privileged group membership or performs destructive cleanup","status":"passed","title":"never grants privileged group membership or performs destructive cleanup","duration":0.9984999999999218,"failureMessages":[],"meta":{},"tags":[]},{"ancestorTitles":["Phase 7A deployment contract"],"fullName":"Phase 7A deployment contract reconciles derived host config without inventing or resetting secrets","status":"passed","title":"reconciles derived host config without inventing or resetting secrets","duration":0.35210000000006403,"failureMessages":[],"meta":{},"tags":[]},{"ancestorTitles":["Phase 7A deployment contract"],"fullName":"Phase 7A deployment contract derives the Worker queue prefix from the Compose Redis ACL prefix","status":"passed","title":"derives the Worker queue prefix from the Compose Redis ACL prefix","duration":0.640700000000038,"failureMessages":[],"meta":{},"tags":[]},{"ancestorTitles":["Phase 7A deployment contract"],"fullName":"Phase 7A deployment contract makes every runtime-owned file readable by its service identity","status":"passed","title":"makes every runtime-owned file readable by its service identity","duration":0.3444999999999254,"failureMessages":[],"meta":{},"tags":[]},{"ancestorTitles":["Phase 7A deployment contract"],"fullName":"Phase 7A deployment contract waits for Supervisor readiness instead of racing the process","status":"passed","title":"waits for Supervisor readiness instead of racing the process","duration":0.36560000000008586,"failureMessages":[],"meta":{},"tags":[]},{"ancestorTitles":["Phase 7A deployment contract"],"fullName":"Phase 7A deployment contract makes the private config directory reachable by the unprivileged Supervisor","status":"passed","title":"makes the private config directory reachable by the unprivileged Supervisor","duration":0.3048999999999751,"failureMessages":[],"meta":{},"tags":[]},{"ancestorTitles":["Phase 7A deployment contract"],"fullName":"Phase 7A deployment contract covers every security gate in the gate runner","status":"passed","title":"covers every security gate in the gate runner","duration":1.2723999999999478,"failureMessages":[],"meta":{},"tags":[]},{"ancestorTitles":["Phase 7A deployment contract"],"fullName":"Phase 7A deployment contract never leaves root-owned git metadata in an operator checkout","status":"passed","title":"never leaves root-owned git metadata in an operator checkout","duration":0.1834999999999809,"failureMessages":[],"meta":{},"tags":[]},{"ancestorTitles":["Phase 7A deployment contract"],"fullName":"Phase 7A deployment contract keeps every host artifact LF-only and free of unbound-name references","status":"passed","title":"keeps every host artifact LF-only and free of unbound-name references","duration":1.5761999999999716,"failureMessages":[],"meta":{},"tags":[]},{"ancestorTitles":["Phase 7A deployment contract"],"fullName":"Phase 7A deployment contract works on a fresh clone that has no node_modules or toolchain state","status":"passed","title":"works on a fresh clone that has no node_modules or toolchain state","duration":1.2930000000000064,"failureMessages":[],"meta":{},"tags":[]},{"ancestorTitles":["Phase 7A deployment contract"],"fullName":"Phase 7A deployment contract checks kernel capabilities with the real /proc field spelling","status":"passed","title":"checks kernel capabilities with the real /proc field spelling","duration":0.2865000000000464,"failureMessages":[],"meta":{},"tags":[]},{"ancestorTitles":["Phase 7A deployment contract"],"fullName":"Phase 7A deployment contract fails closed on missing prerequisites and security gates","status":"passed","title":"fails closed on missing prerequisites and security gates","duration":0.4941000000000031,"failureMessages":[],"meta":{},"tags":[]},{"ancestorTitles":["Phase 7A deployment contract"],"fullName":"Phase 7A deployment contract preserves compiler rootfs integrity and identity contract","status":"passed","title":"preserves compiler rootfs integrity and identity contract","duration":0.2625000000000455,"failureMessages":[],"meta":{},"tags":[]},{"ancestorTitles":["Phase 7A deployment contract"],"fullName":"Phase 7A deployment contract does not require Go, Node or pnpm on a production host","status":"passed","title":"does not require Go, Node or pnpm on a production host","duration":0.7504000000000133,"failureMessages":[],"meta":{},"tags":[]},{"ancestorTitles":["Phase 7A deployment contract"],"fullName":"Phase 7A deployment contract treats the Judge Host Agent as optional","status":"passed","title":"treats the Judge Host Agent as optional","duration":0.28340000000002874,"failureMessages":[],"meta":{},"tags":[]},{"ancestorTitles":["Phase 7A deployment contract"],"fullName":"Phase 7A deployment contract runs the execution cell as dedicated non-root identities","status":"passed","title":"runs the execution cell as dedicated non-root identities","duration":0.6711999999999989,"failureMessages":[],"meta":{},"tags":[]},{"ancestorTitles":["Phase 7A deployment contract"],"fullName":"Phase 7A deployment contract grants only the user-namespace permission through AppArmor","status":"passed","title":"grants only the user-namespace permission through AppArmor","duration":0.3231999999999289,"failureMessages":[],"meta":{},"tags":[]},{"ancestorTitles":["Phase 7A deployment contract"],"fullName":"Phase 7A deployment contract records the executable bit for scripts the deployment guide runs directly","status":"passed","title":"records the executable bit for scripts the deployment guide runs directly","duration":229.81180000000006,"failureMessages":[],"meta":{},"tags":[]},{"ancestorTitles":["Phase 7A deployment contract"],"fullName":"Phase 7A deployment contract documents every production-required variable in the env template","status":"passed","title":"documents every production-required variable in the env template","duration":0.5212000000001353,"failureMessages":[],"meta":{},"tags":[]},{"ancestorTitles":["Phase 7A deployment contract"],"fullName":"Phase 7A deployment contract keeps the two-command deployment story visible and standard","status":"passed","title":"keeps the two-command deployment story visible and standard","duration":0.4885999999999058,"failureMessages":[],"meta":{},"tags":[]}],"startTime":1790069693688,"endTime":1790069694054.5212,"status":"passed","message":"","name":"D:/OJPlatform-worktrees/fullstack-sync-v1/tests/deployment-contract.test.ts"},{"assertionResults":[{"ancestorTitles":["Discussion Core V1"],"fullName":"Discussion Core V1 keeps UUID and public text post lookup parameters type-compatible","status":"passed","title":"keeps UUID and public text post lookup parameters type-compatible","duration":3.31269999999995,"failureMessages":[],"meta":{},"tags":[]},{"ancestorTitles":["Discussion Core V1"],"fullName":"Discussion Core V1 sanitizes Discussion Markdown while preserving math","status":"passed","title":"sanitizes Discussion Markdown while preserving math","duration":39.44509999999991,"failureMessages":[],"meta":{},"tags":[]},{"ancestorTitles":["Discussion Core V1"],"fullName":"Discussion Core V1 supports draft, publish, tombstone, pagination and idempotent likes","status":"passed","title":"supports draft, publish, tombstone, pagination and idempotent likes","duration":2.4250999999999294,"failureMessages":[],"meta":{},"tags":[]},{"ancestorTitles":["Discussion Core V1"],"fullName":"Discussion Core V1 uses stable keyset pagination, including equal timestamps and invalid cursors","status":"passed","title":"uses stable keyset pagination, including equal timestamps and invalid cursors","duration":16.71080000000029,"failureMessages":[],"meta":{},"tags":[]},{"ancestorTitles":["Discussion Core V1"],"fullName":"Discussion Core V1 serves persisted Blog metadata, filters and overview data","status":"passed","title":"serves persisted Blog metadata, filters and overview data","duration":481.5187000000001,"failureMessages":[],"meta":{},"tags":[]},{"ancestorTitles":["Discussion Core V1"],"fullName":"Discussion Core V1 keeps comment counts independent of page size and updates them on create/delete","status":"passed","title":"keeps comment counts independent of page size and updates them on create/delete","duration":1.175499999999829,"failureMessages":[],"meta":{},"tags":[]},{"ancestorTitles":["Discussion Core V1"],"fullName":"Discussion Core V1 paginates comments deterministically when timestamps are equal","status":"passed","title":"paginates comments deterministically when timestamps are equal","duration":0.6363000000001193,"failureMessages":[],"meta":{},"tags":[]},{"ancestorTitles":["Discussion Core V1"],"fullName":"Discussion Core V1 keeps comment replies scoped to their post and comment likes durable","status":"passed","title":"keeps comment replies scoped to their post and comment likes durable","duration":1.3099999999999454,"failureMessages":[],"meta":{},"tags":[]},{"ancestorTitles":["Discussion Core V1"],"fullName":"Discussion Core V1 enforces authentication, CSRF, ownership and announcement capability at API boundary","status":"passed","title":"enforces authentication, CSRF, ownership and announcement capability at API boundary","duration":25.457300000000032,"failureMessages":[],"meta":{},"tags":[]},{"ancestorTitles":["Discussion Core V1"],"fullName":"Discussion Core V1 projects viewer capabilities without exposing identity","status":"passed","title":"projects viewer capabilities without exposing identity","duration":75.4683,"failureMessages":[],"meta":{},"tags":[]},{"ancestorTitles":["Discussion Core V1"],"fullName":"Discussion Core V1 renders post and comment controls from server capabilities","status":"passed","title":"renders post and comment controls from server capabilities","duration":522.3062,"failureMessages":[],"meta":{},"tags":[]}],"startTime":1790069688769,"endTime":1790069689940.3062,"status":"passed","message":"","name":"D:/OJPlatform-worktrees/fullstack-sync-v1/tests/discussion-core.test.tsx"},{"assertionResults":[{"ancestorTitles":["Blog Hub Reference Experience"],"fullName":"Blog Hub Reference Experience renders the blog masthead, editorial navigation and data-backed article cards","status":"passed","title":"renders the blog masthead, editorial navigation and data-backed article cards","duration":917.6902,"failureMessages":[],"meta":{},"tags":[]},{"ancestorTitles":["Blog Hub Reference Experience"],"fullName":"Blog Hub Reference Experience preserves type and search in URL-driven navigation and API query","status":"passed","title":"preserves type and search in URL-driven navigation and API query","duration":149.07870000000003,"failureMessages":[],"meta":{},"tags":[]},{"ancestorTitles":["Blog Hub Reference Experience"],"fullName":"Blog Hub Reference Experience renders persisted Blog facets and loads cursor-paginated cards","status":"passed","title":"renders persisted Blog facets and loads cursor-paginated cards","duration":302.0608999999995,"failureMessages":[],"meta":{},"tags":[]},{"ancestorTitles":["Blog Hub Reference Experience"],"fullName":"Blog Hub Reference Experience shows content-specific empty state and compact retry state","status":"passed","title":"shows content-specific empty state and compact retry state","duration":261.5600000000004,"failureMessages":[],"meta":{},"tags":[]},{"ancestorTitles":["Blog Hub Reference Experience"],"fullName":"Blog Hub Reference Experience uses one reading template with capability actions, comments, like and copy feedback","status":"passed","title":"uses one reading template with capability actions, comments, like and copy feedback","duration":552.0388000000003,"failureMessages":[],"meta":{},"tags":[]},{"ancestorTitles":["Blog Hub Reference Experience"],"fullName":"Blog Hub Reference Experience renders announcement detail through same template and hides non-owner controls","status":"passed","title":"renders announcement detail through same template and hides non-owner controls","duration":336.6858000000011,"failureMessages":[],"meta":{},"tags":[]},{"ancestorTitles":["Blog Hub Reference Experience"],"fullName":"Blog Hub Reference Experience shows the problem-link preview only for posts identified as solutions","status":"passed","title":"shows the problem-link preview only for posts identified as solutions","duration":197.03390000000036,"failureMessages":[],"meta":{},"tags":[]},{"ancestorTitles":["Blog Hub Reference Experience"],"fullName":"Blog Hub Reference Experience preserves GFM, math and rich content while dropping unsafe HTML","status":"passed","title":"preserves GFM, math and rich content while dropping unsafe HTML","duration":215.16300000000047,"failureMessages":[],"meta":{},"tags":[]}],"startTime":1790069688965,"endTime":1790069691897.163,"status":"passed","message":"","name":"D:/OJPlatform-worktrees/fullstack-sync-v1/tests/discussion-hub-experience-wave2.test.tsx"},{"assertionResults":[{"ancestorTitles":["Evaluation Detail UX V5"],"fullName":"Evaluation Detail UX V5 separates result and code tabs, copies source, and centralizes metadata","status":"passed","title":"separates result and code tabs, copies source, and centralizes metadata","duration":986.4837000000007,"failureMessages":[],"meta":{},"tags":[]},{"ancestorTitles":["Evaluation Detail UX V5"],"fullName":"Evaluation Detail UX V5 reports unavailable source when canonical endpoint denies access","status":"passed","title":"reports unavailable source when canonical endpoint denies access","duration":61.14639999999963,"failureMessages":[],"meta":{},"tags":[]},{"ancestorTitles":["Evaluation Detail UX V5"],"fullName":"Evaluation Detail UX V5 keeps testcase facts inside square cards","status":"passed","title":"keeps testcase facts inside square cards","duration":245.51420000000144,"failureMessages":[],"meta":{},"tags":[]},{"ancestorTitles":["Evaluation Detail UX V5"],"fullName":"Evaluation Detail UX V5 renders AC testcase status with all card facts visible","status":"passed","title":"renders AC testcase status with all card facts visible","duration":120.28379999999925,"failureMessages":[],"meta":{},"tags":[]},{"ancestorTitles":["Evaluation Detail UX V5"],"fullName":"Evaluation Detail UX V5 renders WA testcase status with all card facts visible","status":"passed","title":"renders WA testcase status with all card facts visible","duration":218.42849999999999,"failureMessages":[],"meta":{},"tags":[]},{"ancestorTitles":["Evaluation Detail UX V5"],"fullName":"Evaluation Detail UX V5 renders RE testcase status with all card facts visible","status":"passed","title":"renders RE testcase status with all card facts visible","duration":154.7541000000001,"failureMessages":[],"meta":{},"tags":[]},{"ancestorTitles":["Evaluation Detail UX V5"],"fullName":"Evaluation Detail UX V5 renders TLE testcase status with all card facts visible","status":"passed","title":"renders TLE testcase status with all card facts visible","duration":210.95939999999973,"failureMessages":[],"meta":{},"tags":[]},{"ancestorTitles":["Evaluation Detail UX V5"],"fullName":"Evaluation Detail UX V5 renders MLE testcase status with all card facts visible","status":"passed","title":"renders MLE testcase status with all card facts visible","duration":153.78060000000005,"failureMessages":[],"meta":{},"tags":[]},{"ancestorTitles":["Evaluation Detail UX V5"],"fullName":"Evaluation Detail UX V5 renders RUNNING testcase status with all card facts visible","status":"passed","title":"renders RUNNING testcase status with all card facts visible","duration":117.34540000000015,"failureMessages":[],"meta":{},"tags":[]},{"ancestorTitles":["Evaluation Detail UX V5"],"fullName":"Evaluation Detail UX V5 renders WAITING testcase status with all card facts visible","status":"passed","title":"renders WAITING testcase status with all card facts visible","duration":92.19430000000102,"failureMessages":[],"meta":{},"tags":[]}],"startTime":1790069690747,"endTime":1790069693108.1943,"status":"passed","message":"","name":"D:/OJPlatform-worktrees/fullstack-sync-v1/tests/evaluation-detail-ux-v5.test.tsx"},{"assertionResults":[{"ancestorTitles":["Evaluation history full experience"],"fullName":"Evaluation history full experience renders aggregated analytics, complete rows, and server-side pagination controls","status":"passed","title":"renders aggregated analytics, complete rows, and server-side pagination controls","duration":568.7890000000002,"failureMessages":[],"meta":{},"tags":[]}],"startTime":1790069690358,"endTime":1790069690926.789,"status":"passed","message":"","name":"D:/OJPlatform-worktrees/fullstack-sync-v1/tests/evaluation-history-experience.test.tsx"},{"assertionResults":[{"ancestorTitles":["evaluation live event contract"],"fullName":"evaluation live event contract emits bounded Judge phases once and excludes hidden testcase content","status":"passed","title":"emits bounded Judge phases once and excludes hidden testcase content","duration":4.990399999999909,"failureMessages":[],"meta":{},"tags":[]},{"ancestorTitles":["evaluation live event contract"],"fullName":"evaluation live event contract delivers one Redis progress message to bridge consumer","status":"passed","title":"delivers one Redis progress message to bridge consumer","duration":1.8771000000000413,"failureMessages":[],"meta":{},"tags":[]},{"ancestorTitles":["evaluation live event contract"],"fullName":"evaluation live event contract fans out Product event to a second Redis consumer","status":"passed","title":"fans out Product event to a second Redis consumer","duration":1.7376999999999043,"failureMessages":[],"meta":{},"tags":[]},{"ancestorTitles":["evaluation live event contract"],"fullName":"evaluation live event contract publishes monotonic, duplicate-safe deltas and replays by cursor","status":"passed","title":"publishes monotonic, duplicate-safe deltas and replays by cursor","duration":0.9635000000000673,"failureMessages":[],"meta":{},"tags":[]},{"ancestorTitles":["evaluation live event contract"],"fullName":"evaluation live event contract reports replay gaps after bounded history eviction","status":"passed","title":"reports replay gaps after bounded history eviction","duration":0.35590000000001965,"failureMessages":[],"meta":{},"tags":[]},{"ancestorTitles":["evaluation live event contract"],"fullName":"evaluation live event contract authorizes evaluation stream and closes after terminal event","status":"passed","title":"authorizes evaluation stream and closes after terminal event","duration":194.01299999999992,"failureMessages":[],"meta":{},"tags":[]}],"startTime":1790069696049,"endTime":1790069696254.013,"status":"passed","message":"","name":"D:/OJPlatform-worktrees/fullstack-sync-v1/tests/evaluation-live-sse.test.ts"},{"assertionResults":[{"ancestorTitles":["execution-cell Docker privilege boundary"],"fullName":"execution-cell Docker privilege boundary keeps production execution-cell source independent of Docker","status":"passed","title":"keeps production execution-cell source independent of Docker","duration":13.958399999999983,"failureMessages":[],"meta":{},"tags":[]},{"ancestorTitles":["execution-cell Docker privilege boundary"],"fullName":"execution-cell Docker privilege boundary does not provision oj-sandbox into the Docker group","status":"passed","title":"does not provision oj-sandbox into the Docker group","duration":14.093700000000013,"failureMessages":[],"meta":{},"tags":[]},{"ancestorTitles":["execution-cell Docker privilege boundary"],"fullName":"execution-cell Docker privilege boundary uses the trusted WSL operator for Docker infrastructure helpers","status":"passed","title":"uses the trusted WSL operator for Docker infrastructure helpers","duration":3.543900000000008,"failureMessages":[],"meta":{},"tags":[]}],"startTime":1790069697101,"endTime":1790069697132.544,"status":"passed","message":"","name":"D:/OJPlatform-worktrees/fullstack-sync-v1/tests/execution-cell-docker-boundary.test.ts"},{"assertionResults":[{"ancestorTitles":["foundation package boundaries"],"fullName":"foundation package boundaries preserves values through the deterministic test helper","status":"passed","title":"preserves values through the deterministic test helper","duration":2.7174999999999727,"failureMessages":[],"meta":{},"tags":[]},{"ancestorTitles":["foundation package boundaries"],"fullName":"foundation package boundaries exposes draft public contract markers without runtime integration","status":"failed","title":"exposes draft public contract markers without runtime integration","duration":6.901200000000017,"failureMessages":["AssertionError: expected '1.0.0' to be '0.1-draft' // Object.is equality\n    at D:/OJPlatform-worktrees/fullstack-sync-v1/tests/foundation.test.ts:12:30\n    at file:///D:/OJPlatform-worktrees/fullstack-sync-v1/node_modules/.pnpm/@vitest+runner@4.1.11/node_modules/@vitest/runner/dist/chunk-artifact.js:302:11\n    at file:///D:/OJPlatform-worktrees/fullstack-sync-v1/node_modules/.pnpm/@vitest+runner@4.1.11/node_modules/@vitest/runner/dist/chunk-artifact.js:1903:26\n    at file:///D:/OJPlatform-worktrees/fullstack-sync-v1/node_modules/.pnpm/@vitest+runner@4.1.11/node_modules/@vitest/runner/dist/chunk-artifact.js:2326:20\n    at new Promise (<anonymous>)\n    at runWithCancel (file:///D:/OJPlatform-worktrees/fullstack-sync-v1/node_modules/.pnpm/@vitest+runner@4.1.11/node_modules/@vitest/runner/dist/chunk-artifact.js:2323:10)\n    at file:///D:/OJPlatform-worktrees/fullstack-sync-v1/node_modules/.pnpm/@vitest+runner@4.1.11/node_modules/@vitest/runner/dist/chunk-artifact.js:2305:20\n    at new Promise (<anonymous>)\n    at runWithTimeout (file:///D:/OJPlatform-worktrees/fullstack-sync-v1/node_modules/.pnpm/@vitest+runner@4.1.11/node_modules/@vitest/runner/dist/chunk-artifact.js:2272:10)\n    at file:///D:/OJPlatform-worktrees/fullstack-sync-v1/node_modules/.pnpm/@vitest+runner@4.1.11/node_modules/@vitest/runner/dist/chunk-artifact.js:2956:64"],"meta":{},"tags":[]}],"startTime":1790069682728,"endTime":1790069682737.9011,"status":"failed","message":"","name":"D:/OJPlatform-worktrees/fullstack-sync-v1/tests/foundation.test.ts"},{"assertionResults":[{"ancestorTitles":["guest auth contract"],"fullName":"guest auth contract creates a real guest and resumes the same durable identity","status":"passed","title":"creates a real guest and resumes the same durable identity","duration":204.24469999999997,"failureMessages":[],"meta":{},"tags":[]},{"ancestorTitles":["guest auth contract"],"fullName":"guest auth contract keeps resume valid across normal logout and supports explicit revoke","status":"passed","title":"keeps resume valid across normal logout and supports explicit revoke","duration":19.83929999999998,"failureMessages":[],"meta":{},"tags":[]},{"ancestorTitles":["guest auth contract"],"fullName":"guest auth contract replaces an unknown stale cookie and converges concurrent tabs on one guest","status":"passed","title":"replaces an unknown stale cookie and converges concurrent tabs on one guest","duration":15.373699999999985,"failureMessages":[],"meta":{},"tags":[]},{"ancestorTitles":["guest auth contract"],"fullName":"guest auth contract fails closed when the limiter is unavailable or denies the request","status":"passed","title":"fails closed when the limiter is unavailable or denies the request","duration":23.734299999999962,"failureMessages":[],"meta":{},"tags":[]}],"startTime":1790069693957,"endTime":1790069694220.7344,"status":"passed","message":"","name":"D:/OJPlatform-worktrees/fullstack-sync-v1/tests/guest-auth.test.ts"},{"assertionResults":[{"ancestorTitles":["guest problem authoring"],"fullName":"guest problem authoring restores a CSRF token for an existing Guest session before authoring","status":"passed","title":"restores a CSRF token for an existing Guest session before authoring","duration":637.9795000000004,"failureMessages":[],"meta":{},"tags":[]},{"ancestorTitles":["guest problem authoring"],"fullName":"guest problem authoring binds Guest judge-data authoring to the server-side guest principal","status":"passed","title":"binds Guest judge-data authoring to the server-side guest principal","duration":219.45010000000002,"failureMessages":[],"meta":{},"tags":[]},{"ancestorTitles":["guest problem authoring"],"fullName":"guest problem authoring allows an author to submit against a private revision","status":"passed","title":"allows an author to submit against a private revision","duration":188.7507999999998,"failureMessages":[],"meta":{},"tags":[]}],"startTime":1790069689406,"endTime":1790069690451.7507,"status":"passed","message":"","name":"D:/OJPlatform-worktrees/fullstack-sync-v1/tests/guest-problem-authoring.test.ts"},{"assertionResults":[{"ancestorTitles":[],"fullName":"renders recommendation cards from public Home API problems","status":"passed","title":"renders recommendation cards from public Home API problems","duration":148.8202000000001,"failureMessages":[],"meta":{},"tags":[]}],"startTime":1790069699098,"endTime":1790069699246.8203,"status":"passed","message":"","name":"D:/OJPlatform-worktrees/fullstack-sync-v1/tests/home-full-experience.test.tsx"},{"assertionResults":[{"ancestorTitles":["Homework dashboard navbar"],"fullName":"Homework dashboard navbar uses the shared navigation and marks homework active","status":"passed","title":"uses the shared navigation and marks homework active","duration":280.6846999999998,"failureMessages":[],"meta":{},"tags":[]}],"startTime":1790069698434,"endTime":1790069698714.6848,"status":"passed","message":"","name":"D:/OJPlatform-worktrees/fullstack-sync-v1/tests/homework-dashboard-navbar.test.tsx"},{"assertionResults":[{"ancestorTitles":["Homework dashboard synchronization"],"fullName":"Homework dashboard synchronization renders persisted assignments and preserves detail navigation","status":"passed","title":"renders persisted assignments and preserves detail navigation","duration":179.163,"failureMessages":[],"meta":{},"tags":[]},{"ancestorTitles":["Homework dashboard synchronization"],"fullName":"Homework dashboard synchronization does not request protected data before authentication","status":"passed","title":"does not request protected data before authentication","duration":24.247499999999945,"failureMessages":[],"meta":{},"tags":[]},{"ancestorTitles":["Homework dashboard synchronization"],"fullName":"Homework dashboard synchronization shows a real empty state after a successful server response","status":"passed","title":"shows a real empty state after a successful server response","duration":15.058599999999842,"failureMessages":[],"meta":{},"tags":[]}],"startTime":1790069697757,"endTime":1790069697976.0586,"status":"passed","message":"","name":"D:/OJPlatform-worktrees/fullstack-sync-v1/tests/homework-dashboard-recreation.test.tsx"},{"assertionResults":[{"ancestorTitles":["Homework feature extraction"],"fullName":"Homework feature extraction preserves assignment listing, homework navigation, and owner controls","status":"passed","title":"preserves assignment listing, homework navigation, and owner controls","duration":170.45540000000028,"failureMessages":[],"meta":{},"tags":[]}],"startTime":1790069697824,"endTime":1790069697994.4553,"status":"passed","message":"","name":"D:/OJPlatform-worktrees/fullstack-sync-v1/tests/homework-feature-extraction.test.tsx"},{"assertionResults":[{"ancestorTitles":["Product-facing Judge Admin client"],"fullName":"Product-facing Judge Admin client uses only the Product namespace and sends concurrency guards","status":"passed","title":"uses only the Product namespace and sends concurrency guards","duration":23.799999999999955,"failureMessages":[],"meta":{},"tags":[]},{"ancestorTitles":["Product-facing Judge Admin client"],"fullName":"Product-facing Judge Admin client preserves stable Product error classes","status":"passed","title":"preserves stable Product error classes","duration":1.543800000000033,"failureMessages":[],"meta":{},"tags":[]},{"ancestorTitles":["Product-facing Judge Admin client"],"fullName":"Product-facing Judge Admin client unwraps the audited pool policy mutation response","status":"passed","title":"unwraps the audited pool policy mutation response","duration":0.8445000000000391,"failureMessages":[],"meta":{},"tags":[]}],"startTime":1790069697331,"endTime":1790069697356.8445,"status":"passed","message":"","name":"D:/OJPlatform-worktrees/fullstack-sync-v1/tests/judge-admin-client.test.ts"},{"assertionResults":[{"ancestorTitles":["judge admin adapter and product boundary"],"fullName":"judge admin adapter and product boundary sends only server credential and strips sensitive response fields","status":"passed","title":"sends only server credential and strips sensitive response fields","duration":20.427999999999997,"failureMessages":[],"meta":{},"tags":[]},{"ancestorTitles":["judge admin adapter and product boundary"],"fullName":"judge admin adapter and product boundary maps upstream timeout and status errors without leaking details","status":"passed","title":"maps upstream timeout and status errors without leaking details","duration":2.867599999999925,"failureMessages":[],"meta":{},"tags":[]},{"ancestorTitles":["judge admin adapter and product boundary"],"fullName":"judge admin adapter and product boundary enforces RBAC, CSRF, idempotency and durable audit calls","status":"passed","title":"enforces RBAC, CSRF, idempotency and durable audit calls","duration":207.7545,"failureMessages":[],"meta":{},"tags":[]},{"ancestorTitles":["judge admin adapter and product boundary"],"fullName":"judge admin adapter and product boundary keeps view-only Judge access distinct from mutation permission","status":"passed","title":"keeps view-only Judge access distinct from mutation permission","duration":8.506999999999948,"failureMessages":[],"meta":{},"tags":[]},{"ancestorTitles":["judge admin adapter and product boundary"],"fullName":"judge admin adapter and product boundary normalizes Judge summary and wraps Product mutation metadata","status":"passed","title":"normalizes Judge summary and wraps Product mutation metadata","duration":8.940699999999993,"failureMessages":[],"meta":{},"tags":[]},{"ancestorTitles":["judge admin adapter and product boundary"],"fullName":"judge admin adapter and product boundary accepts a pool mode change with its control-version guard","status":"passed","title":"accepts a pool mode change with its control-version guard","duration":11.06510000000003,"failureMessages":[],"meta":{},"tags":[]}],"startTime":1790069693910,"endTime":1790069694169.0652,"status":"passed","message":"","name":"D:/OJPlatform-worktrees/fullstack-sync-v1/tests/judge-admin.test.ts"},{"assertionResults":[{"ancestorTitles":["Lead Judge API composition"],"fullName":"Lead Judge API composition uses authoritative submission ownership and a whitelisted public projection","status":"passed","title":"uses authoritative submission ownership and a whitelisted public projection","duration":176.72540000000026,"failureMessages":[],"meta":{},"tags":[]},{"ancestorTitles":["Lead Judge API composition"],"fullName":"Lead Judge API composition keeps qualification controls absent by default and rejects unauthenticated, forged, or unrelated calls","status":"passed","title":"keeps qualification controls absent by default and rejects unauthenticated, forged, or unrelated calls","duration":10.20679999999993,"failureMessages":[],"meta":{},"tags":[]},{"ancestorTitles":["Lead Judge API composition"],"fullName":"Lead Judge API composition fails closed for an unknown internal state and never treats it as success","status":"passed","title":"fails closed for an unknown internal state and never treats it as success","duration":3.8726999999998952,"failureMessages":[],"meta":{},"tags":[]},{"ancestorTitles":["Lead Judge API composition"],"fullName":"Lead Judge API composition does not include internal fixture identifiers in a public job","status":"passed","title":"does not include internal fixture identifiers in a public job","duration":0.5893999999998414,"failureMessages":[],"meta":{},"tags":[]},{"ancestorTitles":["Lead Judge API composition"],"fullName":"Lead Judge API composition projects verdict metadata without expected output, stdout, or lease secrets","status":"passed","title":"projects verdict metadata without expected output, stdout, or lease secrets","duration":1.644800000000032,"failureMessages":[],"meta":{},"tags":[]}],"startTime":1790069697043,"endTime":1790069697236.6448,"status":"passed","message":"","name":"D:/OJPlatform-worktrees/fullstack-sync-v1/tests/judge-api-composition.test.ts"},{"assertionResults":[{"ancestorTitles":["immutable artifact contract"],"fullName":"immutable artifact contract preserves one immutable artifact per version across canonical key ordering","status":"passed","title":"preserves one immutable artifact per version across canonical key ordering","duration":9.475199999999973,"failureMessages":[],"meta":{},"tags":[]},{"ancestorTitles":["immutable artifact contract"],"fullName":"immutable artifact contract rejects inconsistent persisted artifact metadata and manifest bytes","status":"passed","title":"rejects inconsistent persisted artifact metadata and manifest bytes","duration":1.6578999999999269,"failureMessages":[],"meta":{},"tags":[]},{"ancestorTitles":["immutable artifact contract"],"fullName":"immutable artifact contract keeps 100 MiB input metadata below 2 KiB without inline content","status":"passed","title":"keeps 100 MiB input metadata below 2 KiB without inline content","duration":1.330000000000041,"failureMessages":[],"meta":{},"tags":[]},{"ancestorTitles":["immutable artifact contract"],"fullName":"immutable artifact contract dispatches, persists and claims 100 MiB by reference with idempotent retry","status":"passed","title":"dispatches, persists and claims 100 MiB by reference with idempotent retry","duration":216.19850000000008,"failureMessages":[],"meta":{},"tags":[]},{"ancestorTitles":["immutable artifact contract"],"fullName":"immutable artifact contract dispatches a later evaluation generation without reusing generation 1 identity","status":"passed","title":"dispatches a later evaluation generation without reusing generation 1 identity","duration":16.65170000000012,"failureMessages":[],"meta":{},"tags":[]},{"ancestorTitles":["immutable artifact contract"],"fullName":"immutable artifact contract preserves digest when database reorders JSON keys","status":"passed","title":"preserves digest when database reorders JSON keys","duration":6.7973000000001775,"failureMessages":[],"meta":{},"tags":[]},{"ancestorTitles":["immutable artifact contract"],"fullName":"immutable artifact contract rejects changed formatVersion","status":"passed","title":"rejects changed formatVersion","duration":0.9048000000000229,"failureMessages":[],"meta":{},"tags":[]},{"ancestorTitles":["immutable artifact contract"],"fullName":"immutable artifact contract rejects changed contentLength","status":"passed","title":"rejects changed contentLength","duration":1.1191999999998643,"failureMessages":[],"meta":{},"tags":[]},{"ancestorTitles":["immutable artifact contract"],"fullName":"immutable artifact contract rejects changed sha256","status":"passed","title":"rejects changed sha256","duration":0.7529999999999291,"failureMessages":[],"meta":{},"tags":[]},{"ancestorTitles":["immutable artifact contract"],"fullName":"immutable artifact contract rejects changed inputBytes","status":"passed","title":"rejects changed inputBytes","duration":0.779700000000048,"failureMessages":[],"meta":{},"tags":[]},{"ancestorTitles":["immutable artifact contract"],"fullName":"immutable artifact contract rejects changed testcaseCount","status":"passed","title":"rejects changed testcaseCount","duration":1.079200000000128,"failureMessages":[],"meta":{},"tags":[]},{"ancestorTitles":["immutable artifact contract"],"fullName":"immutable artifact contract rejects substituted metadata, inline bytes, traversal and oversized entries","status":"passed","title":"rejects substituted metadata, inline bytes, traversal and oversized entries","duration":2.8326999999999316,"failureMessages":[],"meta":{},"tags":[]}],"startTime":1790069693987,"endTime":1790069694246.8328,"status":"passed","message":"","name":"D:/OJPlatform-worktrees/fullstack-sync-v1/tests/judge-artifact-contract.test.ts"},{"assertionResults":[{"ancestorTitles":["Judge Authz recovery A01-A24"],"fullName":"Judge Authz recovery A01-A24 A01 unauthenticated view denied","status":"passed","title":"A01 unauthenticated view denied","duration":4.251800000000003,"failureMessages":[],"meta":{},"tags":[]},{"ancestorTitles":["Judge Authz recovery A01-A24"],"fullName":"Judge Authz recovery A01-A24 A02 owner view allowed","status":"passed","title":"A02 owner view allowed","duration":0.4959999999999809,"failureMessages":[],"meta":{},"tags":[]},{"ancestorTitles":["Judge Authz recovery A01-A24"],"fullName":"Judge Authz recovery A01-A24 A03 unrelated user view denied","status":"passed","title":"A03 unrelated user view denied","duration":0.3068999999999278,"failureMessages":[],"meta":{},"tags":[]},{"ancestorTitles":["Judge Authz recovery A01-A24"],"fullName":"Judge Authz recovery A01-A24 A04 operator inspect allowed","status":"passed","title":"A04 operator inspect allowed","duration":0.3745999999999867,"failureMessages":[],"meta":{},"tags":[]},{"ancestorTitles":["Judge Authz recovery A01-A24"],"fullName":"Judge Authz recovery A01-A24 A05 ordinary user inspect denied for unrelated job","status":"passed","title":"A05 ordinary user inspect denied for unrelated job","duration":0.26089999999999236,"failureMessages":[],"meta":{},"tags":[]},{"ancestorTitles":["Judge Authz recovery A01-A24"],"fullName":"Judge Authz recovery A01-A24 A06 operator retry allowed only in retryable state","status":"passed","title":"A06 operator retry allowed only in retryable state","duration":0.3753000000000384,"failureMessages":[],"meta":{},"tags":[]},{"ancestorTitles":["Judge Authz recovery A01-A24"],"fullName":"Judge Authz recovery A01-A24 A07 ordinary retry denied","status":"passed","title":"A07 ordinary retry denied","duration":0.30150000000003274,"failureMessages":[],"meta":{},"tags":[]},{"ancestorTitles":["Judge Authz recovery A01-A24"],"fullName":"Judge Authz recovery A01-A24 A08 terminal retry denied across terminal states","status":"passed","title":"A08 terminal retry denied across terminal states","duration":0.6428999999999405,"failureMessages":[],"meta":{},"tags":[]},{"ancestorTitles":["Judge Authz recovery A01-A24"],"fullName":"Judge Authz recovery A01-A24 A09 cancel semantics are state-aware and capability-controlled","status":"passed","title":"A09 cancel semantics are state-aware and capability-controlled","duration":0.8045000000000755,"failureMessages":[],"meta":{},"tags":[]},{"ancestorTitles":["Judge Authz recovery A01-A24"],"fullName":"Judge Authz recovery A01-A24 A10 inactive, disabled, and deactivated users denied for all operations","status":"passed","title":"A10 inactive, disabled, and deactivated users denied for all operations","duration":0.6435000000000173,"failureMessages":[],"meta":{},"tags":[]},{"ancestorTitles":["Judge Authz recovery A01-A24"],"fullName":"Judge Authz recovery A01-A24 A11 forged ownership identifiers denied","status":"passed","title":"A11 forged ownership identifiers denied","duration":0.3265999999999849,"failureMessages":[],"meta":{},"tags":[]},{"ancestorTitles":["Judge Authz recovery A01-A24"],"fullName":"Judge Authz recovery A01-A24 A12 audit metadata contains no source marker","status":"passed","title":"A12 audit metadata contains no source marker","duration":0.44299999999998363,"failureMessages":[],"meta":{},"tags":[]},{"ancestorTitles":["Judge Authz recovery A01-A24"],"fullName":"Judge Authz recovery A01-A24 A13 audit metadata contains no credential/session-secret marker","status":"passed","title":"A13 audit metadata contains no credential/session-secret marker","duration":0.22019999999997708,"failureMessages":[],"meta":{},"tags":[]},{"ancestorTitles":["Judge Authz recovery A01-A24"],"fullName":"Judge Authz recovery A01-A24 A14 unknown operation deny-by-default","status":"passed","title":"A14 unknown operation deny-by-default","duration":0.17889999999999873,"failureMessages":[],"meta":{},"tags":[]},{"ancestorTitles":["Judge Authz recovery A01-A24"],"fullName":"Judge Authz recovery A01-A24 A15 malformed auth context denied safely","status":"passed","title":"A15 malformed auth context denied safely","duration":0.11329999999998108,"failureMessages":[],"meta":{},"tags":[]},{"ancestorTitles":["Judge Authz recovery A01-A24"],"fullName":"Judge Authz recovery A01-A24 A16 unknown Judge state fails closed","status":"passed","title":"A16 unknown Judge state fails closed","duration":0.14060000000006312,"failureMessages":[],"meta":{},"tags":[]},{"ancestorTitles":["Judge Authz recovery A01-A24"],"fullName":"Judge Authz recovery A01-A24 A17 job/submission mismatch denied by authoritative linkage","status":"passed","title":"A17 job/submission mismatch denied by authoritative linkage","duration":0.084699999999998,"failureMessages":[],"meta":{},"tags":[]},{"ancestorTitles":["Judge Authz recovery A01-A24"],"fullName":"Judge Authz recovery A01-A24 A18 horizontal privilege escalation denied","status":"passed","title":"A18 horizontal privilege escalation denied","duration":0.16689999999994143,"failureMessages":[],"meta":{},"tags":[]},{"ancestorTitles":["Judge Authz recovery A01-A24"],"fullName":"Judge Authz recovery A01-A24 A19 role/capability spoofing denied","status":"passed","title":"A19 role/capability spoofing denied","duration":0.11750000000006366,"failureMessages":[],"meta":{},"tags":[]},{"ancestorTitles":["Judge Authz recovery A01-A24"],"fullName":"Judge Authz recovery A01-A24 A20 Authz decision causes no queue mutation side effect","status":"passed","title":"A20 Authz decision causes no queue mutation side effect","duration":0.17039999999997235,"failureMessages":[],"meta":{},"tags":[]},{"ancestorTitles":["Judge Authz recovery A01-A24"],"fullName":"Judge Authz recovery A01-A24 A21 previously-valid session after account deactivation denied","status":"passed","title":"A21 previously-valid session after account deactivation denied","duration":0.21829999999999927,"failureMessages":[],"meta":{},"tags":[]},{"ancestorTitles":["Judge Authz recovery A01-A24"],"fullName":"Judge Authz recovery A01-A24 A22 inspect privilege does not imply mutation privilege","status":"passed","title":"A22 inspect privilege does not imply mutation privilege","duration":0.2300999999999931,"failureMessages":[],"meta":{},"tags":[]},{"ancestorTitles":["Judge Authz recovery A01-A24"],"fullName":"Judge Authz recovery A01-A24 A23 audit actor and target are consistent","status":"passed","title":"A23 audit actor and target are consistent","duration":1.7019000000000233,"failureMessages":[],"meta":{},"tags":[]},{"ancestorTitles":["Judge Authz recovery A01-A24"],"fullName":"Judge Authz recovery A01-A24 A24 repeated denied request is safe and idempotent","status":"passed","title":"A24 repeated denied request is safe and idempotent","duration":0.33799999999996544,"failureMessages":[],"meta":{},"tags":[]}],"startTime":1790069697245,"endTime":1790069697259.338,"status":"passed","message":"","name":"D:/OJPlatform-worktrees/fullstack-sync-v1/tests/judge-authz.test.ts"},{"assertionResults":[{"ancestorTitles":["local judge host agent"],"fullName":"local judge host agent only starts enabled trusted templates and is idempotent","status":"passed","title":"only starts enabled trusted templates and is idempotent","duration":62.67039999999997,"failureMessages":[],"meta":{},"tags":[]},{"ancestorTitles":["local judge host agent"],"fullName":"local judge host agent restart creates a new incarnation","status":"passed","title":"restart creates a new incarnation","duration":150.42489999999998,"failureMessages":[],"meta":{},"tags":[]},{"ancestorTitles":["local judge host agent"],"fullName":"local judge host agent rejects lifecycle stop while active jobs are present","status":"passed","title":"rejects lifecycle stop while active jobs are present","duration":41.74350000000004,"failureMessages":[],"meta":{},"tags":[]},{"ancestorTitles":["local judge host agent"],"fullName":"local judge host agent subtracts owned template resources before reporting or allocating capacity","status":"passed","title":"subtracts owned template resources before reporting or allocating capacity","duration":219.86479999999995,"failureMessages":[],"meta":{},"tags":[]},{"ancestorTitles":["local judge host agent"],"fullName":"local judge host agent fails closed when a restarted host agent sees persisted live ownership","status":"passed","title":"fails closed when a restarted host agent sees persisted live ownership","duration":97.00350000000003,"failureMessages":[],"meta":{},"tags":[]},{"ancestorTitles":["local judge host agent"],"fullName":"local judge host agent protects the HTTP boundary with a separate credential","status":"passed","title":"protects the HTTP boundary with a separate credential","duration":160.3424,"failureMessages":[],"meta":{},"tags":[]}],"startTime":1790069690022,"endTime":1790069690755.3423,"status":"passed","message":"","name":"D:/OJPlatform-worktrees/fullstack-sync-v1/tests/judge-host-agent.test.ts"},{"assertionResults":[{"ancestorTitles":["Phase 2C.7B Judge node domain model"],"fullName":"Phase 2C.7B Judge node domain model accepts a stable node identity with a fresh incarnation and rejects unsafe input","status":"passed","title":"accepts a stable node identity with a fresh incarnation and rejects unsafe input","duration":3.835800000000063,"failureMessages":[],"meta":{},"tags":[]},{"ancestorTitles":["Phase 2C.7B Judge node domain model"],"fullName":"Phase 2C.7B Judge node domain model allows only explicit state transitions and blocks premature drain completion","status":"passed","title":"allows only explicit state transitions and blocks premature drain completion","duration":1.113399999999956,"failureMessages":[],"meta":{},"tags":[]},{"ancestorTitles":["Phase 2C.7B Judge node domain model"],"fullName":"Phase 2C.7B Judge node domain model filters unavailable and incompatible nodes and selects normalized load with a stable node ID tie break","status":"passed","title":"filters unavailable and incompatible nodes and selects normalized load with a stable node ID tie break","duration":1.79849999999999,"failureMessages":[],"meta":{},"tags":[]},{"ancestorTitles":["Phase 2C.7B Judge node domain model"],"fullName":"Phase 2C.7B Judge node domain model fails closed with a truthful no-eligible reason","status":"passed","title":"fails closed with a truthful no-eligible reason","duration":0.5696000000000367,"failureMessages":[],"meta":{},"tags":[]}],"startTime":1790069698040,"endTime":1790069698047.7986,"status":"passed","message":"","name":"D:/OJPlatform-worktrees/fullstack-sync-v1/tests/judge-node-model.test.ts"},{"assertionResults":[{"ancestorTitles":["Phase 2C.7B Judge node service contract"],"fullName":"Phase 2C.7B Judge node service contract authenticates nodes separately and schedules deterministically through an assignment","status":"passed","title":"authenticates nodes separately and schedules deterministically through an assignment","duration":228.19279999999992,"failureMessages":[],"meta":{},"tags":[]},{"ancestorTitles":["Phase 2C.7B Judge node service contract"],"fullName":"Phase 2C.7B Judge node service contract recovers an expired job lease after a Worker incarnation crash","status":"passed","title":"recovers an expired job lease after a Worker incarnation crash","duration":17.260299999999916,"failureMessages":[],"meta":{},"tags":[]},{"ancestorTitles":["Phase 2C.7B Judge node service contract"],"fullName":"Phase 2C.7B Judge node service contract rejects stale incarnation, honors drain/offline, and does not expose node credentials","status":"passed","title":"rejects stale incarnation, honors drain/offline, and does not expose node credentials","duration":14.721000000000004,"failureMessages":[],"meta":{},"tags":[]},{"ancestorTitles":["Phase 2C.7B Judge node service contract"],"fullName":"Phase 2C.7B Judge node service contract resolves fixture work through the current assignment and releases capacity","status":"passed","title":"resolves fixture work through the current assignment and releases capacity","duration":12.499000000000024,"failureMessages":[],"meta":{},"tags":[]},{"ancestorTitles":["Phase 2C.7B Judge node service contract"],"fullName":"Phase 2C.7B Judge node service contract does not let a node cancel an assignment with a wrong lease token","status":"passed","title":"does not let a node cancel an assignment with a wrong lease token","duration":13.891000000000076,"failureMessages":[],"meta":{},"tags":[]},{"ancestorTitles":["Phase 2C.7B Judge node service contract"],"fullName":"Phase 2C.7B Judge node service contract reports cancellation only to the current assignment and releases capacity after service cancellation","status":"passed","title":"reports cancellation only to the current assignment and releases capacity after service cancellation","duration":12.259499999999889,"failureMessages":[],"meta":{},"tags":[]},{"ancestorTitles":["Phase 2C.7B Judge node service contract"],"fullName":"Phase 2C.7B Judge node service contract rejects cancellation status queries from a stale incarnation","status":"passed","title":"rejects cancellation status queries from a stale incarnation","duration":7.023899999999912,"failureMessages":[],"meta":{},"tags":[]},{"ancestorTitles":["Phase 2C.7B Judge node service contract"],"fullName":"Phase 2C.7B Judge node service contract does not over-reserve in-memory node capacity","status":"passed","title":"does not over-reserve in-memory node capacity","duration":1.8562000000001717,"failureMessages":[],"meta":{},"tags":[]},{"ancestorTitles":["Phase 2C.7B Judge node service contract"],"fullName":"Phase 2C.7B Judge node service contract preserves operator intent through completion and requires service auth for admin","status":"passed","title":"preserves operator intent through completion and requires service auth for admin","duration":11.824299999999994,"failureMessages":[],"meta":{},"tags":[]},{"ancestorTitles":["Phase 2C.7B Judge node service contract"],"fullName":"Phase 2C.7B Judge node service contract does not revive draining intent when the same worker re-registers","status":"passed","title":"does not revive draining intent when the same worker re-registers","duration":0.5380999999999858,"failureMessages":[],"meta":{},"tags":[]},{"ancestorTitles":["Phase 2C.7B Judge node service contract"],"fullName":"Phase 2C.7B Judge node service contract compensates a claim when node capacity reservation loses a race","status":"passed","title":"compensates a claim when node capacity reservation loses a race","duration":11.657600000000002,"failureMessages":[],"meta":{},"tags":[]}],"startTime":1790069693930,"endTime":1790069694262.6577,"status":"passed","message":"","name":"D:/OJPlatform-worktrees/fullstack-sync-v1/tests/judge-node-service.test.ts"},{"assertionResults":[{"ancestorTitles":["Judge pool autoscaler"],"fullName":"Judge pool autoscaler never changes desired count in MANUAL mode","status":"passed","title":"never changes desired count in MANUAL mode","duration":5.8197999999999865,"failureMessages":[],"meta":{},"tags":[]},{"ancestorTitles":["Judge pool autoscaler"],"fullName":"Judge pool autoscaler performs normal and fast scale-up from queue pressure","status":"passed","title":"performs normal and fast scale-up from queue pressure","duration":1.1786999999999352,"failureMessages":[],"meta":{},"tags":[]},{"ancestorTitles":["Judge pool autoscaler"],"fullName":"Judge pool autoscaler bounds scale-up by max nodes and host CPU/RAM reserves","status":"passed","title":"bounds scale-up by max nodes and host CPU/RAM reserves","duration":0.7391999999999825,"failureMessages":[],"meta":{},"tags":[]},{"ancestorTitles":["Judge pool autoscaler"],"fullName":"Judge pool autoscaler honors independent cooldowns and sustained idle hysteresis","status":"passed","title":"honors independent cooldowns and sustained idle hysteresis","duration":0.7108000000000629,"failureMessages":[],"meta":{},"tags":[]},{"ancestorTitles":["Judge pool autoscaler"],"fullName":"Judge pool autoscaler records deterministic bounded audit data and rejects invalid policies","status":"passed","title":"records deterministic bounded audit data and rejects invalid policies","duration":2.277500000000032,"failureMessages":[],"meta":{},"tags":[]}],"startTime":1790069698007,"endTime":1790069698018.2776,"status":"passed","message":"","name":"D:/OJPlatform-worktrees/fullstack-sync-v1/tests/judge-pool-autoscaler.test.ts"},{"assertionResults":[{"ancestorTitles":["real Redis judge queue recovery qualification"],"fullName":"real Redis judge queue recovery qualification Q03/Q04/Q06 uses Redis to preserve concurrent enqueue and claim isolation","status":"skipped","title":"Q03/Q04/Q06 uses Redis to preserve concurrent enqueue and claim isolation","failureMessages":[],"meta":{},"tags":[]},{"ancestorTitles":["real Redis judge queue recovery qualification"],"fullName":"real Redis judge queue recovery qualification Q10/Q18/Q19 serializes completion, expiry recovery, and stale retry","status":"skipped","title":"Q10/Q18/Q19 serializes completion, expiry recovery, and stale retry","failureMessages":[],"meta":{},"tags":[]},{"ancestorTitles":["real Redis judge queue recovery qualification"],"fullName":"real Redis judge queue recovery qualification rejects stale lease cancellation after Redis recovery","status":"skipped","title":"rejects stale lease cancellation after Redis recovery","failureMessages":[],"meta":{},"tags":[]},{"ancestorTitles":["real Redis judge queue recovery qualification"],"fullName":"real Redis judge queue recovery qualification R01/R02/R03/Q27 rejects an unavailable client and resumes without duplicate enqueue","status":"skipped","title":"R01/R02/R03/Q27 rejects an unavailable client and resumes without duplicate enqueue","failureMessages":[],"meta":{},"tags":[]},{"ancestorTitles":["real Redis judge queue recovery qualification"],"fullName":"real Redis judge queue recovery qualification LIR-11/16/20 preserves real attempt authority across API repository restart","status":"skipped","title":"LIR-11/16/20 preserves real attempt authority across API repository restart","failureMessages":[],"meta":{},"tags":[]}],"startTime":1790069681573,"endTime":1790069681573,"status":"passed","message":"","name":"D:/OJPlatform-worktrees/fullstack-sync-v1/tests/judge-queue-redis.test.ts"},{"assertionResults":[{"ancestorTitles":["judge queue recovery matrix"],"fullName":"judge queue recovery matrix Q01/Q02/Q03 one logical job under >=20 concurrent duplicate enqueue","status":"passed","title":"Q01/Q02/Q03 one logical job under >=20 concurrent duplicate enqueue","duration":7.2128999999999905,"failureMessages":[],"meta":{},"tags":[]},{"ancestorTitles":["judge queue recovery matrix"],"fullName":"judge queue recovery matrix Q04 distinct submissions remain isolated under concurrent enqueue","status":"passed","title":"Q04 distinct submissions remain isolated under concurrent enqueue","duration":1.209400000000187,"failureMessages":[],"meta":{},"tags":[]},{"ancestorTitles":["judge queue recovery matrix"],"fullName":"judge queue recovery matrix Q05/Q06 one lease winner in concurrent claim race","status":"passed","title":"Q05/Q06 one lease winner in concurrent claim race","duration":1.3570999999999458,"failureMessages":[],"meta":{},"tags":[]},{"ancestorTitles":["judge queue recovery matrix"],"fullName":"judge queue recovery matrix Q07/Q08 expiry invalidates stale token and creates new attempt","status":"passed","title":"Q07/Q08 expiry invalidates stale token and creates new attempt","duration":11.551200000000108,"failureMessages":[],"meta":{},"tags":[]},{"ancestorTitles":["judge queue recovery matrix"],"fullName":"judge queue recovery matrix Q09/Q10 duplicate completion has one terminal effect","status":"passed","title":"Q09/Q10 duplicate completion has one terminal effect","duration":0.4674999999999727,"failureMessages":[],"meta":{},"tags":[]},{"ancestorTitles":["judge queue recovery matrix"],"fullName":"judge queue recovery matrix Q11/Q12/Q17 rejects wrong and late stale completion","status":"passed","title":"Q11/Q12/Q17 rejects wrong and late stale completion","duration":11.500700000000052,"failureMessages":[],"meta":{},"tags":[]},{"ancestorTitles":["judge queue recovery matrix"],"fullName":"judge queue recovery matrix binds Worker cancellation to the current lease without changing external cancellation","status":"passed","title":"binds Worker cancellation to the current lease without changing external cancellation","duration":1.6333000000001903,"failureMessages":[],"meta":{},"tags":[]},{"ancestorTitles":["judge queue recovery matrix"],"fullName":"judge queue recovery matrix rejects a stale lease cancellation after recovery and accepts the current lease","status":"passed","title":"rejects a stale lease cancellation after recovery and accepts the current lease","duration":1.079300000000103,"failureMessages":[],"meta":{},"tags":[]},{"ancestorTitles":["judge queue recovery matrix"],"fullName":"judge queu
[...]
ase 7C Windows production bootstrap contract treats Windows only as a bootstrap for the Linux installer","status":"passed","title":"treats Windows only as a bootstrap for the Linux installer","duration":0.68100000000004,"failureMessages":[],"meta":{},"tags":[]},{"ancestorTitles":["Phase 7C Windows production bootstrap contract"],"fullName":"Phase 7C Windows production bootstrap contract fails closed on unsupported Windows and resource boundaries","status":"passed","title":"fails closed on unsupported Windows and resource boundaries","duration":0.23840000000018335,"failureMessages":[],"meta":{},"tags":[]},{"ancestorTitles":["Phase 7C Windows production bootstrap contract"],"fullName":"Phase 7C Windows production bootstrap contract self-elevates and preserves validated installation arguments","status":"passed","title":"self-elevates and preserves validated installation arguments","duration":0.15819999999985157,"failureMessages":[],"meta":{},"tags":[]},{"ancestorTitles":["Phase 7C Windows production bootstrap contract"],"fullName":"Phase 7C Windows production bootstrap contract uses Microsoft WSL2 and the advertised Ubuntu 24.04 distro","status":"passed","title":"uses Microsoft WSL2 and the advertised Ubuntu 24.04 distro","duration":0.19160000000010768,"failureMessages":[],"meta":{},"tags":[]},{"ancestorTitles":["Phase 7C Windows production bootstrap contract"],"fullName":"Phase 7C Windows production bootstrap contract has bounded secret-free reboot resume and idempotent startup tasks","status":"passed","title":"has bounded secret-free reboot resume and idempotent startup tasks","duration":0.508600000000115,"failureMessages":[],"meta":{},"tags":[]},{"ancestorTitles":["Phase 7C Windows production bootstrap contract"],"fullName":"Phase 7C Windows production bootstrap contract streams bounded Linux setup progress without native quoting corruption","status":"passed","title":"streams bounded Linux setup progress without native quoting corruption","duration":0.2262999999998101,"failureMessages":[],"meta":{},"tags":[]},{"ancestorTitles":["Phase 7C Windows production bootstrap contract"],"fullName":"Phase 7C Windows production bootstrap contract re-resolves the API after an idempotent container recreate","status":"passed","title":"re-resolves the API after an idempotent container recreate","duration":0.15630000000010114,"failureMessages":[],"meta":{},"tags":[]},{"ancestorTitles":["Phase 7C Windows production bootstrap contract"],"fullName":"Phase 7C Windows production bootstrap contract initializes Ubuntu without an interactive password or UNIX-user prompt","status":"passed","title":"initializes Ubuntu without an interactive password or UNIX-user prompt","duration":0.5081999999997606,"failureMessages":[],"meta":{},"tags":[]},{"ancestorTitles":["Phase 7C Windows production bootstrap contract"],"fullName":"Phase 7C Windows production bootstrap contract uses localhost, validates health, and prints a stable result","status":"passed","title":"uses localhost, validates health, and prints a stable result","duration":0.24459999999999127,"failureMessages":[],"meta":{},"tags":[]},{"ancestorTitles":["Phase 7C Windows production bootstrap contract"],"fullName":"Phase 7C Windows production bootstrap contract bootstraps Git only through winget or the official Git fallback","status":"passed","title":"bootstraps Git only through winget or the official Git fallback","duration":0.2847999999999047,"failureMessages":[],"meta":{},"tags":[]},{"ancestorTitles":["Phase 7C Windows production bootstrap contract"],"fullName":"Phase 7C Windows production bootstrap contract ships a read-only Windows doctor with a machine-readable verdict","status":"passed","title":"ships a read-only Windows doctor with a machine-readable verdict","duration":0.9627000000000407,"failureMessages":[],"meta":{},"tags":[]},{"ancestorTitles":["Phase 7C Windows production bootstrap contract"],"fullName":"Phase 7C Windows production bootstrap contract provides visible bilingual navigation without losing deployment guidance","status":"passed","title":"provides visible bilingual navigation without losing deployment guidance","duration":0.27620000000024447,"failureMessages":[],"meta":{},"tags":[]},{"ancestorTitles":["Phase 7C Windows production bootstrap contract"],"fullName":"Phase 7C Windows production bootstrap contract makes Chinese the default GitHub landing language","status":"passed","title":"makes Chinese the default GitHub landing language","duration":0.33539999999993597,"failureMessages":[],"meta":{},"tags":[]},{"ancestorTitles":["Phase 7C Windows production bootstrap contract"],"fullName":"Phase 7C Windows production bootstrap contract keeps the English and full Chinese documents complete and linked","status":"passed","title":"keeps the English and full Chinese documents complete and linked","duration":0.21400000000039654,"failureMessages":[],"meta":{},"tags":[]},{"ancestorTitles":["Phase 7C Windows production bootstrap contract"],"fullName":"Phase 7C Windows production bootstrap contract never claims Windows is production qualified","status":"passed","title":"never claims Windows is production qualified","duration":0.7105999999998858,"failureMessages":[],"meta":{},"tags":[]}],"startTime":1790069682669,"endTime":1790069685105.7107,"status":"passed","message":"","name":"D:/OJPlatform-worktrees/fullstack-sync-v1/tests/windows-production-install-contract.test.ts"},{"assertionResults":[{"ancestorTitles":["Phase 2A Worker Authz A2A-01..A2A-24"],"fullName":"Phase 2A Worker Authz A2A-01..A2A-24 A2A-01 unauthenticated protected worker health denied","status":"passed","title":"A2A-01 unauthenticated protected worker health denied","duration":4.175100000000043,"failureMessages":[],"meta":{},"tags":[]},{"ancestorTitles":["Phase 2A Worker Authz A2A-01..A2A-24"],"fullName":"Phase 2A Worker Authz A2A-01..A2A-24 A2A-02 active operator safe worker view allowed","status":"passed","title":"A2A-02 active operator safe worker view allowed","duration":0.4674999999999727,"failureMessages":[],"meta":{},"tags":[]},{"ancestorTitles":["Phase 2A Worker Authz A2A-01..A2A-24"],"fullName":"Phase 2A Worker Authz A2A-01..A2A-24 A2A-03 ordinary user global inspect denied","status":"passed","title":"A2A-03 ordinary user global inspect denied","duration":0.18990000000007967,"failureMessages":[],"meta":{},"tags":[]},{"ancestorTitles":["Phase 2A Worker Authz A2A-01..A2A-24"],"fullName":"Phase 2A Worker Authz A2A-01..A2A-24 A2A-04 inactive operator denied","status":"passed","title":"A2A-04 inactive operator denied","duration":0.21039999999993597,"failureMessages":[],"meta":{},"tags":[]},{"ancestorTitles":["Phase 2A Worker Authz A2A-01..A2A-24"],"fullName":"Phase 2A Worker Authz A2A-01..A2A-24 A2A-05 malformed auth context denied","status":"passed","title":"A2A-05 malformed auth context denied","duration":0.21330000000000382,"failureMessages":[],"meta":{},"tags":[]},{"ancestorTitles":["Phase 2A Worker Authz A2A-01..A2A-24"],"fullName":"Phase 2A Worker Authz A2A-01..A2A-24 A2A-06 unknown operation deny-by-default","status":"passed","title":"A2A-06 unknown operation deny-by-default","duration":0.21059999999999945,"failureMessages":[],"meta":{},"tags":[]},{"ancestorTitles":["Phase 2A Worker Authz A2A-01..A2A-24"],"fullName":"Phase 2A Worker Authz A2A-01..A2A-24 A2A-07 unknown worker state fail-closed","status":"passed","title":"A2A-07 unknown worker state fail-closed","duration":0.18840000000000146,"failureMessages":[],"meta":{},"tags":[]},{"ancestorTitles":["Phase 2A Worker Authz A2A-01..A2A-24"],"fullName":"Phase 2A Worker Authz A2A-01..A2A-24 A2A-08 capability spoof denied","status":"passed","title":"A2A-08 capability spoof denied","duration":0.13139999999998508,"failureMessages":[],"meta":{},"tags":[]},{"ancestorTitles":["Phase 2A Worker Authz A2A-01..A2A-24"],"fullName":"Phase 2A Worker Authz A2A-01..A2A-24 A2A-09 authoritative ownership used for cancel","status":"passed","title":"A2A-09 authoritative ownership used for cancel","duration":0.5982000000000198,"failureMessages":[],"meta":{},"tags":[]},{"ancestorTitles":["Phase 2A Worker Authz A2A-01..A2A-24"],"fullName":"Phase 2A Worker Authz A2A-01..A2A-24 A2A-10 cross-user horizontal cancellation denied","status":"passed","title":"A2A-10 cross-user horizontal cancellation denied","duration":0.20300000000008822,"failureMessages":[],"meta":{},"tags":[]},{"ancestorTitles":["Phase 2A Worker Authz A2A-01..A2A-24"],"fullName":"Phase 2A Worker Authz A2A-01..A2A-24 A2A-11 terminal cancel rule","status":"passed","title":"A2A-11 terminal cancel rule","duration":0.24119999999993524,"failureMessages":[],"meta":{},"tags":[]},{"ancestorTitles":["Phase 2A Worker Authz A2A-01..A2A-24"],"fullName":"Phase 2A Worker Authz A2A-01..A2A-24 A2A-12 inspect/control capabilities remain distinct","status":"passed","title":"A2A-12 inspect/control capabilities remain distinct","duration":0.1734000000000151,"failureMessages":[],"meta":{},"tags":[]},{"ancestorTitles":["Phase 2A Worker Authz A2A-01..A2A-24"],"fullName":"Phase 2A Worker Authz A2A-01..A2A-24 A2A-13 unsupported restart/drain denied","status":"passed","title":"A2A-13 unsupported restart/drain denied","duration":0.1268999999999778,"failureMessages":[],"meta":{},"tags":[]},{"ancestorTitles":["Phase 2A Worker Authz A2A-01..A2A-24"],"fullName":"Phase 2A Worker Authz A2A-01..A2A-24 A2A-14 manifest cannot claim real execution","status":"passed","title":"A2A-14 manifest cannot claim real execution","duration":1.1795999999999367,"failureMessages":[],"meta":{},"tags":[]},{"ancestorTitles":["Phase 2A Worker Authz A2A-01..A2A-24"],"fullName":"Phase 2A Worker Authz A2A-01..A2A-24 A2A-15 source marker absent from audit","status":"passed","title":"A2A-15 source marker absent from audit","duration":0.3853000000000293,"failureMessages":[],"meta":{},"tags":[]},{"ancestorTitles":["Phase 2A Worker Authz A2A-01..A2A-24"],"fullName":"Phase 2A Worker Authz A2A-01..A2A-24 A2A-16 session secret absent","status":"passed","title":"A2A-16 session secret absent","duration":0.1696999999999207,"failureMessages":[],"meta":{},"tags":[]},{"ancestorTitles":["Phase 2A Worker Authz A2A-01..A2A-24"],"fullName":"Phase 2A Worker Authz A2A-01..A2A-24 A2A-17 raw lease token absent","status":"passed","title":"A2A-17 raw lease token absent","duration":0.12800000000004275,"failureMessages":[],"meta":{},"tags":[]},{"ancestorTitles":["Phase 2A Worker Authz A2A-01..A2A-24"],"fullName":"Phase 2A Worker Authz A2A-01..A2A-24 A2A-18 arbitrary request fields not copied to audit","status":"passed","title":"A2A-18 arbitrary request fields not copied to audit","duration":0.15570000000002437,"failureMessages":[],"meta":{},"tags":[]},{"ancestorTitles":["Phase 2A Worker Authz A2A-01..A2A-24"],"fullName":"Phase 2A Worker Authz A2A-01..A2A-24 A2A-19 decision side-effect free","status":"passed","title":"A2A-19 decision side-effect free","duration":0.10549999999989268,"failureMessages":[],"meta":{},"tags":[]},{"ancestorTitles":["Phase 2A Worker Authz A2A-01..A2A-24"],"fullName":"Phase 2A Worker Authz A2A-01..A2A-24 A2A-20 repeated denied request safe","status":"passed","title":"A2A-20 repeated denied request safe","duration":0.1651000000000522,"failureMessages":[],"meta":{},"tags":[]},{"ancestorTitles":["Phase 2A Worker Authz A2A-01..A2A-24"],"fullName":"Phase 2A Worker Authz A2A-01..A2A-24 A2A-21 stale session/inactive account denied","status":"passed","title":"A2A-21 stale session/inactive account denied","duration":0.0785000000000764,"failureMessages":[],"meta":{},"tags":[]},{"ancestorTitles":["Phase 2A Worker Authz A2A-01..A2A-24"],"fullName":"Phase 2A Worker Authz A2A-01..A2A-24 A2A-22 worker/job mismatch cannot escalate","status":"passed","title":"A2A-22 worker/job mismatch cannot escalate","duration":0.07489999999995689,"failureMessages":[],"meta":{},"tags":[]},{"ancestorTitles":["Phase 2A Worker Authz A2A-01..A2A-24"],"fullName":"Phase 2A Worker Authz A2A-01..A2A-24 A2A-23 malformed worker identity denied","status":"passed","title":"A2A-23 malformed worker identity denied","duration":0.07130000000006476,"failureMessages":[],"meta":{},"tags":[]},{"ancestorTitles":["Phase 2A Worker Authz A2A-01..A2A-24"],"fullName":"Phase 2A Worker Authz A2A-01..A2A-24 A2A-24 reason/error codes do not leak secrets","status":"passed","title":"A2A-24 reason/error codes do not leak secrets","duration":0.21640000000002146,"failureMessages":[],"meta":{},"tags":[]},{"ancestorTitles":["Worker resource projections and NEG-01..NEG-15"],"fullName":"Worker resource projections and NEG-01..NEG-15 projects only safe fields to an owner and safe capabilities to operators","status":"passed","title":"projects only safe fields to an owner and safe capabilities to operators","duration":0.7878000000000611,"failureMessages":[],"meta":{},"tags":[]},{"ancestorTitles":["Worker resource projections and NEG-01..NEG-15"],"fullName":"Worker resource projections and NEG-01..NEG-15 NEG-01 forged worker id cannot bypass policy","status":"passed","title":"NEG-01 forged worker id cannot bypass policy","duration":0.11290000000008149,"failureMessages":[],"meta":{},"tags":[]},{"ancestorTitles":["Worker resource projections and NEG-01..NEG-15"],"fullName":"Worker resource projections and NEG-01..NEG-15 NEG-02 arbitrary control payload cannot inject command/path","status":"passed","title":"NEG-02 arbitrary control payload cannot inject command/path","duration":0.08659999999997581,"failureMessages":[],"meta":{},"tags":[]},{"ancestorTitles":["Worker resource projections and NEG-01..NEG-15"],"fullName":"Worker resource projections and NEG-01..NEG-15 NEG-03 diagnostic enumeration denied to unrelated user","status":"passed","title":"NEG-03 diagnostic enumeration denied to unrelated user","duration":0.06970000000001164,"failureMessages":[],"meta":{},"tags":[]},{"ancestorTitles":["Worker resource projections and NEG-01..NEG-15"],"fullName":"Worker resource projections and NEG-01..NEG-15 NEG-04 operator cancellation uses exact worker authority","status":"passed","title":"NEG-04 operator cancellation uses exact worker authority","duration":0.08529999999996107,"failureMessages":[],"meta":{},"tags":[]},{"ancestorTitles":["Worker resource projections and NEG-01..NEG-15"],"fullName":"Worker resource projections and NEG-01..NEG-15 NEG-05 missing resolver fails closed","status":"passed","title":"NEG-05 missing resolver fails closed","duration":0.09159999999997126,"failureMessages":[],"meta":{},"tags":[]},{"ancestorTitles":["Worker resource projections and NEG-01..NEG-15"],"fullName":"Worker resource projections and NEG-01..NEG-15 NEG-06 unknown lifecycle state is not projected","status":"passed","title":"NEG-06 unknown lifecycle state is not projected","duration":0.09170000000005984,"failureMessages":[],"meta":{},"tags":[]},{"ancestorTitles":["Worker resource projections and NEG-01..NEG-15"],"fullName":"Worker resource projections and NEG-01..NEG-15 NEG-07 terminal cancel is a denial/no-op","status":"passed","title":"NEG-07 terminal cancel is a denial/no-op","duration":0.08920000000000528,"failureMessages":[],"meta":{},"tags":[]},{"ancestorTitles":["Worker resource projections and NEG-01..NEG-15"],"fullName":"Worker resource projections and NEG-01..NEG-15 NEG-08 client role cannot grant capability","status":"passed","title":"NEG-08 client role cannot grant capability","duration":0.07429999999999382,"failureMessages":[],"meta":{},"tags":[]},{"ancestorTitles":["Worker resource projections and NEG-01..NEG-15"],"fullName":"Worker resource projections and NEG-01..NEG-15 NEG-09 null identifiers fail safely","status":"passed","title":"NEG-09 null identifiers fail safely","duration":0.0706000000000131,"failureMessages":[],"meta":{},"tags":[]},{"ancestorTitles":["Worker resource projections and NEG-01..NEG-15"],"fullName":"Worker resource projections and NEG-01..NEG-15 NEG-10 cross-user horizontal cancellation denied","status":"passed","title":"NEG-10 cross-user horizontal cancellation denied","duration":0.08319999999991978,"failureMessages":[],"meta":{},"tags":[]},{"ancestorTitles":["Worker resource projections and NEG-01..NEG-15"],"fullName":"Worker resource projections and NEG-01..NEG-15 NEG-11 exact operator scope is required","status":"passed","title":"NEG-11 exact operator scope is required","duration":0.07339999999999236,"failureMessages":[],"meta":{},"tags":[]},{"ancestorTitles":["Worker resource projections and NEG-01..NEG-15"],"fullName":"Worker resource projections and NEG-01..NEG-15 NEG-12 no queue/worker mutation API exists on policy","status":"passed","title":"NEG-12 no queue/worker mutation API exists on policy","duration":0.1270000000000664,"failureMessages":[],"meta":{},"tags":[]},{"ancestorTitles":["Worker resource projections and NEG-01..NEG-15"],"fullName":"Worker resource projections and NEG-01..NEG-15 NEG-13 replayed privileged request rechecks account state","status":"passed","title":"NEG-13 replayed privileged request rechecks account state","duration":0.1168999999999869,"failureMessages":[],"meta":{},"tags":[]},{"ancestorTitles":["Worker resource projections and NEG-01..NEG-15"],"fullName":"Worker resource projections and NEG-01..NEG-15 NEG-14 hidden fields never appear in safe projection","status":"passed","title":"NEG-14 hidden fields never appear in safe projection","duration":0.16030000000000655,"failureMessages":[],"meta":{},"tags":[]},{"ancestorTitles":["Worker resource projections and NEG-01..NEG-15"],"fullName":"Worker resource projections and NEG-01..NEG-15 NEG-15 safe fixture is the only advertised execution mode","status":"passed","title":"NEG-15 safe fixture is the only advertised execution mode","duration":0.17470000000002983,"failureMessages":[],"meta":{},"tags":[]}],"startTime":1790069697677,"endTime":1790069697690.1748,"status":"passed","message":"","name":"D:/OJPlatform-worktrees/fullstack-sync-v1/tests/worker-authz.test.ts"},{"assertionResults":[{"ancestorTitles":["Lead Worker control API"],"fullName":"Lead Worker control API denies diagnostics and capabilities to unauthenticated/ordinary users","status":"passed","title":"denies diagnostics and capabilities to unauthenticated/ordinary users","duration":182.40610000000015,"failureMessages":[],"meta":{},"tags":[]},{"ancestorTitles":["Lead Worker control API"],"fullName":"Lead Worker control API uses authoritative submission ownership for cancellation and is idempotent","status":"passed","title":"uses authoritative submission ownership for cancellation and is idempotent","duration":12.479800000000068,"failureMessages":[],"meta":{},"tags":[]},{"ancestorTitles":["Lead Worker control API"],"fullName":"Lead Worker control API rejects terminal cancellation and never exposes internal fields","status":"passed","title":"rejects terminal cancellation and never exposes internal fields","duration":4.404599999999846,"failureMessages":[],"meta":{},"tags":[]},{"ancestorTitles":["Lead Worker control API"],"fullName":"Lead Worker control API cancels production submissions through the authoritative control plane","status":"passed","title":"cancels production submissions through the authoritative control plane","duration":7.161000000000058,"failureMessages":[],"meta":{},"tags":[]},{"ancestorTitles":["Lead Worker control API"],"fullName":"Lead Worker control API falls back to the persisted cancellation without a control-plane publication","status":"passed","title":"falls back to the persisted cancellation without a control-plane publication","duration":6.084299999999985,"failureMessages":[],"meta":{},"tags":[]},{"ancestorTitles":["Lead Worker control API"],"fullName":"Lead Worker control API reports a missing control-plane judge job instead of a fake outage","status":"passed","title":"reports a missing control-plane judge job instead of a fake outage","duration":4.196300000000065,"failureMessages":[],"meta":{},"tags":[]}],"startTime":1790069697042,"endTime":1790069697260.1963,"status":"passed","message":"","name":"D:/OJPlatform-worktrees/fullstack-sync-v1/tests/worker-control.test.ts"}]}