{"numTotalTestSuites":205,"numPassedTestSuites":177,"numFailedTestSuites":28,"numPendingTestSuites":0,"numTotalTests":1082,"numPassedTests":1029,"numFailedTests":48,"numPendingTests":5,"numTodoTests":0,"snapshot":{"added":0,"failure":false,"filesAdded":0,"filesRemoved":0,"filesRemovedList":[],"filesUnmatched":0,"filesUpdated":0,"matched":0,"total":0,"unchecked":0,"uncheckedKeysByFile":[],"unmatched":0,"updated":0,"didUpdate":false},"startTime":1790067839449,"success":false,"testResults":[{"assertionResults":[{"ancestorTitles":["Admin Chinese and notification popover V1"],"fullName":"Admin Chinese and notification popover V1 keeps the visible admin navigation copy in Chinese","status":"failed","title":"keeps the visible admin navigation copy in Chinese","duration":17.399500000000444,"failureMessages":["AssertionError: expected 'import {\\n  Component,\\n  useEffect,\\…' to match /to=\"\\/admin\\/judge\\/nodes\"[\\s\\S…/admin\\\n    at D:/OJPlatform-worktrees/fullstack-sync-v1/tests/admin-cn-notification-v1.test.tsx:71:20\n    at file:///D:/OJPlatform-worktrees/fullstack-sync-v1/node_modules/.pnpm/@vitest+runner@4.1.11/node_modules/@vitest/runner/dist/chunk-artifact.js:1903:20"],"meta":{},"tags":[]},{"ancestorTitles":["Admin Chinese and notification popover V1"],"fullName":"Admin Chinese and notification popover V1 shows Chinese page, section, card, status, action, and helper copy","status":"passed","title":"shows Chinese page, section, card, status, action, and helper copy","duration":577.4836999999998,"failureMessages":[],"meta":{},"tags":[]},{"ancestorTitles":["Admin Chinese and notification popover V1"],"fullName":"Admin Chinese and notification popover V1 maps every Judge node state for display without changing enum values","status":"passed","title":"maps every Judge node state for display without changing enum values","duration":0.8348000000005413,"failureMessages":[],"meta":{},"tags":[]},{"ancestorTitles":["Admin Chinese and notification popover V1"],"fullName":"Admin Chinese and notification popover V1 shows Chinese detail labels while preserving technical identifiers","status":"passed","title":"shows Chinese detail labels while preserving technical identifiers","duration":267.15519999999924,"failureMessages":[],"meta":{},"tags":[]},{"ancestorTitles":["Admin Chinese and notification popover V1"],"fullName":"Admin Chinese and notification popover V1 shows Chinese empty and loading states","status":"passed","title":"shows Chinese empty and loading states","duration":40.33600000000024,"failureMessages":[],"meta":{},"tags":[]},{"ancestorTitles":["Admin Chinese and notification popover V1"],"fullName":"Admin Chinese and notification popover V1 localizes errors while retaining HTTP status and backend error code","status":"passed","title":"localizes errors while retaining HTTP status and backend error code","duration":27.133299999999508,"failureMessages":[],"meta":{},"tags":[]},{"ancestorTitles":["Admin Chinese and notification popover V1"],"fullName":"Admin Chinese and notification popover V1 opens, preserves inside clicks, closes outside, and toggles from bell","status":"passed","title":"opens, preserves inside clicks, closes outside, and toggles from bell","duration":26.94890000000032,"failureMessages":[],"meta":{},"tags":[]},{"ancestorTitles":["Admin Chinese and notification popover V1"],"fullName":"Admin Chinese and notification popover V1 closes from X and Escape","status":"passed","title":"closes from X and Escape","duration":44.06880000000001,"failureMessages":[],"meta":{},"tags":[]},{"ancestorTitles":["Admin Chinese and notification popover V1"],"fullName":"Admin Chinese and notification popover V1 removes document listeners when unmounted","status":"passed","title":"removes document listeners when unmounted","duration":19.547899999999572,"failureMessages":[],"meta":{},"tags":[]}],"startTime":1790067844491,"endTime":1790067845512.5479,"status":"failed","message":"","name":"D:/OJPlatform-worktrees/fullstack-sync-v1/tests/admin-cn-notification-v1.test.tsx"},{"assertionResults":[{"ancestorTitles":["admin cross-owner submission source access V2"],"fullName":"admin cross-owner submission source access V2 uses the canonical source endpoint from Web client","status":"passed","title":"uses the canonical source endpoint from Web client","duration":81.07240000000002,"failureMessages":[],"meta":{},"tags":[]},{"ancestorTitles":["admin cross-owner submission source access V2"],"fullName":"admin cross-owner submission source access V2 allows owner and explicit capability, denies other and anonymous","status":"passed","title":"allows owner and explicit capability, denies other and anonymous","duration":486.0643,"failureMessages":[],"meta":{},"tags":[]},{"ancestorTitles":["admin cross-owner submission source access V2"],"fullName":"admin cross-owner submission source access V2 carries authenticated operator capability into the real Product endpoint","status":"passed","title":"carries authenticated operator capability into the real Product endpoint","duration":553.5018,"failureMessages":[],"meta":{},"tags":[]}],"startTime":1790067846909,"endTime":1790067848029.5017,"status":"passed","message":"","name":"D:/OJPlatform-worktrees/fullstack-sync-v1/tests/admin-source-access-v2.test.ts"},{"assertionResults":[{"ancestorTitles":["API platform contract"],"fullName":"API platform contract serves health, readiness, request IDs, and controlled errors","status":"passed","title":"serves health, readiness, request IDs, and controlled errors","duration":365.3604999999998,"failureMessages":[],"meta":{},"tags":[]},{"ancestorTitles":["API platform contract"],"fullName":"API platform contract bounds incoming request IDs and hides internal errors","status":"passed","title":"bounds incoming request IDs and hides internal errors","duration":49.915700000000015,"failureMessages":[],"meta":{},"tags":[]},{"ancestorTitles":["API platform contract"],"fullName":"API platform contract publishes required OpenAPI paths","status":"passed","title":"publishes required OpenAPI paths","duration":51.089100000000144,"failureMessages":[],"meta":{},"tags":[]},{"ancestorTitles":["API platform contract"],"fullName":"API platform contract allows credentialed CORS only for configured origins","status":"passed","title":"allows credentialed CORS only for configured origins","duration":32.625800000000254,"failureMessages":[],"meta":{},"tags":[]}],"startTime":1790067850336,"endTime":1790067850835.6257,"status":"passed","message":"","name":"D:/OJPlatform-worktrees/fullstack-sync-v1/tests/api.test.ts"},{"assertionResults":[{"ancestorTitles":["team assignments"],"fullName":"team assignments derives visibility and progress from team membership and accepted submissions","status":"passed","title":"derives visibility and progress from team membership and accepted submissions","duration":6.85690000000011,"failureMessages":[],"meta":{},"tags":[]},{"ancestorTitles":["team assignments"],"fullName":"team assignments rejects member creation and duplicate problems","status":"passed","title":"rejects member creation and duplicate problems","duration":0.5798999999999523,"failureMessages":[],"meta":{},"tags":[]}],"startTime":1790067855416,"endTime":1790067855423.5798,"status":"passed","message":"","name":"D:/OJPlatform-worktrees/fullstack-sync-v1/tests/assignment.test.ts"},{"assertionResults":[{"ancestorTitles":["auth foundation"],"fullName":"auth foundation uses session cookies by default and finite persistent cookies only when remembered","status":"passed","title":"uses session cookies by default and finite persistent cookies only when remembered","duration":582.8053,"failureMessages":[],"meta":{},"tags":[]},{"ancestorTitles":["auth foundation"],"fullName":"auth foundation registers, logs in, reads me, and logs out without exposing password","status":"passed","title":"registers, logs in, reads me, and logs out without exposing password","duration":177.53780000000006,"failureMessages":[],"meta":{},"tags":[]},{"ancestorTitles":["auth foundation"],"fullName":"auth foundation rejects malformed registration and hides nonexistent identity","status":"passed","title":"rejects malformed registration and hides nonexistent identity","duration":6.095700000000079,"failureMessages":[],"meta":{},"tags":[]},{"ancestorTitles":["auth foundation"],"fullName":"auth foundation projects submission capability from server authorization resolver","status":"passed","title":"projects submission capability from server authorization resolver","duration":56.45789999999988,"failureMessages":[],"meta":{},"tags":[]},{"ancestorTitles":["auth foundation"],"fullName":"auth foundation serves a safe account view and manages sessions through the authenticated boundary","status":"passed","title":"serves a safe account view and manages sessions through the authenticated boundary","duration":100.21039999999994,"failureMessages":[],"meta":{},"tags":[]}],"startTime":1790067842516,"endTime":1790067843440.2104,"status":"passed","message":"","name":"D:/OJPlatform-worktrees/fullstack-sync-v1/tests/auth.test.ts"},{"assertionResults":[{"ancestorTitles":["Authenticated route gate"],"fullName":"Authenticated route gate does not misreport an unavailable auth service as a logged-out session","status":"passed","title":"does not misreport an unavailable auth service as a logged-out session","duration":227.51749999999993,"failureMessages":[],"meta":{},"tags":[]},{"ancestorTitles":["Authenticated route gate"],"fullName":"Authenticated route gate blocks a direct contest-create route for an unauthenticated session","status":"passed","title":"blocks a direct contest-create route for an unauthenticated session","duration":41.532500000000255,"failureMessages":[],"meta":{},"tags":[]},{"ancestorTitles":["Authenticated route gate"],"fullName":"Authenticated route gate does not misreport a Judge capability outage as forbidden","status":"passed","title":"does not misreport a Judge capability outage as forbidden","duration":45.8104000000003,"failureMessages":[],"meta":{},"tags":[]},{"ancestorTitles":["Session logout"],"fullName":"Session logout keeps the local session intact when server logout fails","status":"passed","title":"keeps the local session intact when server logout fails","duration":69.35609999999997,"failureMessages":[],"meta":{},"tags":[]}],"startTime":1790067855571,"endTime":1790067855955.3562,"status":"passed","message":"","name":"D:/OJPlatform-worktrees/fullstack-sync-v1/tests/authenticated-route-gate.test.tsx"},{"assertionResults":[{"ancestorTitles":["Unified authoring UX"],"fullName":"Unified authoring UX renders, stacks, manually dismisses and auto-dismisses toasts","status":"passed","title":"renders, stacks, manually dismisses and auto-dismisses toasts","duration":333.8760999999995,"failureMessages":[],"meta":{},"tags":[]},{"ancestorTitles":["Unified authoring UX"],"fullName":"Unified authoring UX uses shared authoring toolbar and article metadata controls","status":"passed","title":"uses shared authoring toolbar and article metadata controls","duration":64.65149999999994,"failureMessages":[],"meta":{},"tags":[]}],"startTime":1790067853727,"endTime":1790067854125.6516,"status":"passed","message":"","name":"D:/OJPlatform-worktrees/fullstack-sync-v1/tests/authoring-ux-wave2.test.tsx"},{"assertionResults":[{"ancestorTitles":["authorization foundation"],"fullName":"authorization foundation denies malformed or missing contexts and allows assigned permissions","status":"passed","title":"denies malformed or missing contexts and allows assigned permissions","duration":2.629099999999994,"failureMessages":[],"meta":{},"tags":[]},{"ancestorTitles":["authorization foundation"],"fullName":"authorization foundation revokes individual and all sessions and blocks disabled accounts","status":"passed","title":"revokes individual and all sessions and blocks disabled accounts","duration":158.1713000000001,"failureMessages":[],"meta":{},"tags":[]},{"ancestorTitles":["authorization foundation"],"fullName":"authorization foundation rejects a disabled user session after lifecycle transition","status":"passed","title":"rejects a disabled user session after lifecycle transition","duration":153.93209999999988,"failureMessages":[],"meta":{},"tags":[]},{"ancestorTitles":["authorization foundation"],"fullName":"authorization foundation maps persistent session metadata without exposing token hashes","status":"passed","title":"maps persistent session metadata without exposing token hashes","duration":2.7233000000001084,"failureMessages":[],"meta":{},"tags":[]}],"startTime":1790067849347,"endTime":1790067849664.7234,"status":"passed","message":"","name":"D:/OJPlatform-worktrees/fullstack-sync-v1/tests/authz.test.ts"},{"assertionResults":[{"ancestorTitles":["Blog Comment UI Repair V1"],"fullName":"Blog Comment UI Repair V1 keeps composer before feed and sorts real comments by heat or time","status":"passed","title":"keeps composer before feed and sorts real comments by heat or time","duration":823.0790999999999,"failureMessages":[],"meta":{},"tags":[]},{"ancestorTitles":["Blog Comment UI Repair V1"],"fullName":"Blog Comment UI Repair V1 opens a compact focused reply composer and preserves capability actions","status":"passed","title":"opens a compact focused reply composer and preserves capability actions","duration":658.8928000000005,"failureMessages":[],"meta":{},"tags":[]}],"startTime":1790067846235,"endTime":1790067847716.8928,"status":"passed","message":"","name":"D:/OJPlatform-worktrees/fullstack-sync-v1/tests/blog-comment-ui-repair-v1.test.tsx"},{"assertionResults":[{"ancestorTitles":["ad-hoc code run API"],"fullName":"ad-hoc code run API validates cpp20 and bounded input","status":"passed","title":"validates cpp20 and bounded input","duration":4.015300000000025,"failureMessages":[],"meta":{},"tags":[]},{"ancestorTitles":["ad-hoc code run API"],"fullName":"ad-hoc code run API creates and polls a run without submission routes","status":"passed","title":"creates and polls a run without submission routes","duration":178.90609999999992,"failureMessages":[],"meta":{},"tags":[]},{"ancestorTitles":["ad-hoc code run API"],"fullName":"ad-hoc code run API uses explicit ad-hoc linkage and no hidden testcase manifest","status":"passed","title":"uses explicit ad-hoc linkage and no hidden testcase manifest","duration":1.0124000000000706,"failureMessages":[],"meta":{},"tags":[]},{"ancestorTitles":["ad-hoc code run API"],"fullName":"ad-hoc code run API translates Judge terminal statuses","status":"passed","title":"translates Judge terminal statuses","duration":0.31330000000002656,"failureMessages":[],"meta":{},"tags":[]}],"startTime":1790067854298,"endTime":1790067854482.3132,"status":"passed","message":"","name":"D:/OJPlatform-worktrees/fullstack-sync-v1/tests/code-run-api.test.ts"},{"assertionResults":[{"ancestorTitles":["runtime configuration"],"fullName":"runtime configuration rejects malformed infrastructure URLs","status":"passed","title":"rejects malformed infrastructure URLs","duration":3.3763999999999896,"failureMessages":[],"meta":{},"tags":[]},{"ancestorTitles":["runtime configuration"],"fullName":"runtime configuration uses documented local-only defaults","status":"passed","title":"uses documented local-only defaults","duration":1.1590000000000487,"failureMessages":[],"meta":{},"tags":[]},{"ancestorTitles":["runtime configuration"],"fullName":"runtime configuration accepts only explicit CORS origins","status":"passed","title":"accepts only explicit CORS origins","duration":0.7466999999999757,"failureMessages":[],"meta":{},"tags":[]}],"startTime":1790067855370,"endTime":1790067855375.7466,"status":"passed","message":"","name":"D:/OJPlatform-worktrees/fullstack-sync-v1/tests/config.test.ts"},{"assertionResults":[{"ancestorTitles":["Contest development fixture against PostgreSQL"],"fullName":"Contest development fixture against PostgreSQL requires an explicit development switch","status":"passed","title":"requires an explicit development switch","duration":473.92859999999973,"failureMessages":[],"meta":{},"tags":[]},{"ancestorTitles":["Contest development fixture against PostgreSQL"],"fullName":"Contest development fixture against PostgreSQL seeds deterministic relations, preserves non-fixture data, and cleans only its provenance","status":"failed","title":"seeds deterministic relations, preserves non-fixture data, and cleans only its provenance","duration":5037.216700000001,"failureMessages":["Error: STACK_TRACE_ERROR\n    at task (file:///D:/OJPlatform-worktrees/fullstack-sync-v1/node_modules/.pnpm/@vitest+runner@4.1.11/node_modules/@vitest/runner/dist/chunk-artifact.js:1784:27)\n    at Object.<anonymous> (file:///D:/OJPlatform-worktrees/fullstack-sync-v1/node_modules/.pnpm/@vitest+runner@4.1.11/node_modules/@vitest/runner/dist/chunk-artifact.js:1817:16)\n    at Object.<anonymous> (file:///D:/OJPlatform-worktrees/fullstack-sync-v1/node_modules/.pnpm/@vitest+runner@4.1.11/node_modules/@vitest/runner/dist/chunk-artifact.js:1563:28)\n    at chain (file:///D:/OJPlatform-worktrees/fullstack-sync-v1/node_modules/.pnpm/@vitest+runner@4.1.11/node_modules/@vitest/runner/dist/chunk-artifact.js:599:14)\n    at D:/OJPlatform-worktrees/fullstack-sync-v1/tests/contest-development-fixtures.integration.test.ts:89:3\n    at file:///D:/OJPlatform-worktrees/fullstack-sync-v1/node_modules/.pnpm/@vitest+runner@4.1.11/node_modules/@vitest/runner/dist/chunk-artifact.js:1889:40\n    at runWithSuite (file:///D:/OJPlatform-worktrees/fullstack-sync-v1/node_modules/.pnpm/@vitest+runner@4.1.11/node_modules/@vitest/runner/dist/chunk-artifact.js:2258:8)\n    at Object.collect (file:///D:/OJPlatform-worktrees/fullstack-sync-v1/node_modules/.pnpm/@vitest+runner@4.1.11/node_modules/@vitest/runner/dist/chunk-artifact.js:1889:10)\n    at Object.collect (file:///D:/OJPlatform-worktrees/fullstack-sync-v1/node_modules/.pnpm/@vitest+runner@4.1.11/node_modules/@vitest/runner/dist/chunk-artifact.js:1893:54)\n    at processTicksAndRejections (node:internal/process/task_queues:105:5)"],"meta":{},"tags":[]}],"startTime":1790067841752,"endTime":1790067847263.2168,"status":"failed","message":"","name":"D:/OJPlatform-worktrees/fullstack-sync-v1/tests/contest-development-fixtures.integration.test.ts"},{"assertionResults":[{"ancestorTitles":["Contest feature extraction"],"fullName":"Contest feature extraction keeps landing data, links, and navigation in the feature","status":"passed","title":"keeps landing data, links, and navigation in the feature","duration":223.46550000000025,"failureMessages":[],"meta":{},"tags":[]},{"ancestorTitles":["Contest feature extraction"],"fullName":"Contest feature extraction preserves loading, error retry, and empty states","status":"passed","title":"preserves loading, error retry, and empty states","duration":264.59240000000045,"failureMessages":[],"meta":{},"tags":[]},{"ancestorTitles":["Contest feature extraction"],"fullName":"Contest feature extraction keeps ContestExperience as the route-compatible feature entry","status":"passed","title":"keeps ContestExperience as the route-compatible feature entry","duration":32.85919999999987,"failureMessages":[],"meta":{},"tags":[]}],"startTime":1790067853737,"endTime":1790067854257.8591,"status":"passed","message":"","name":"D:/OJPlatform-worktrees/fullstack-sync-v1/tests/contest-feature-extraction.test.tsx"},{"assertionResults":[{"ancestorTitles":["contest and messaging foundation against PostgreSQL and Redis"],"fullName":"contest and messaging foundation against PostgreSQL and Redis creates a contest atomically, preserves private access authorization, and reports unavailable standings","status":"passed","title":"creates a contest atomically, preserves private access authorization, and reports unavailable standings","duration":1012.2912000000006,"failureMessages":[],"meta":{},"tags":[]},{"ancestorTitles":["contest and messaging foundation against PostgreSQL and Redis"],"fullName":"contest and messaging foundation against PostgreSQL and Redis enforces canonical friendship, direct message idempotency, notifications, and real Redis limits","status":"passed","title":"enforces canonical friendship, direct message idempotency, notifications, and real Redis limits","duration":154.11099999999988,"failureMessages":[],"meta":{},"tags":[]},{"ancestorTitles":["contest and messaging foundation against PostgreSQL and Redis"],"fullName":"contest and messaging foundation against PostgreSQL and Redis fails closed when the rate-limit dependency is unavailable","status":"passed","title":"fails closed when the rate-limit dependency is unavailable","duration":5.499300000000403,"failureMessages":[],"meta":{},"tags":[]}],"startTime":1790067849679,"endTime":1790067850851.4993,"status":"passed","message":"","name":"D:/OJPlatform-worktrees/fullstack-sync-v1/tests/contest-social-foundation.integration.test.ts"},{"assertionResults":[{"ancestorTitles":["Phase 7A deployment contract"],"fullName":"Phase 7A deployment contract keeps Docker Compose as the only container orchestrator","status":"passed","title":"keeps Docker Compose as the only container orchestrator","duration":3.2361000000000217,"failureMessages":[],"meta":{},"tags":[]},{"ancestorTitles":["Phase 7A deployment contract"],"fullName":"Phase 7A deployment contract decouples Core/Judge operations from the OnlineCodeEditor build input","status":"passed","title":"decouples Core/Judge operations from the OnlineCodeEditor build input","duration":0.6603000000000065,"failureMessages":[],"meta":{},"tags":[]},{"ancestorTitles":["Phase 7A deployment contract"],"fullName":"Phase 7A deployment contract pins OnlineCodeEditor as a submodule with an exact commit","status":"passed","title":"pins OnlineCodeEditor as a submodule with an exact commit","duration":126.96680000000003,"failureMessages":[],"meta":{},"tags":[]},{"ancestorTitles":["Phase 7A deployment contract"],"fullName":"Phase 7A deployment contract never requires a machine-specific plugin path","status":"passed","title":"never requires a machine-specific plugin path","duration":0.44549999999998136,"failureMessages":[],"meta":{},"tags":[]},{"ancestorTitles":["Phase 7A deployment contract"],"fullName":"Phase 7A deployment contract keeps the OnlineCodeEditor checkout out of the main build context","status":"passed","title":"keeps the OnlineCodeEditor checkout out of the main build context","duration":1.091799999999978,"failureMessages":[],"meta":{},"tags":[]},{"ancestorTitles":["Phase 7A deployment contract"],"fullName":"Phase 7A deployment contract exposes exactly one host provisioning script for non-Compose resources","status":"passed","title":"exposes exactly one host provisioning script for non-Compose resources","duration":0.8371000000000208,"failureMessages":[],"meta":{},"tags":[]},{"ancestorTitles":["Phase 7A deployment contract"],"fullName":"Phase 7A deployment contract never grants privileged group membership or performs destructive cleanup","status":"passed","title":"never grants privileged group membership or performs destructive cleanup","duration":0.9650000000000318,"failureMessages":[],"meta":{},"tags":[]},{"ancestorTitles":["Phase 7A deployment contract"],"fullName":"Phase 7A deployment contract reconciles derived host config without inventing or resetting secrets","status":"passed","title":"reconciles derived host config without inventing or resetting secrets","duration":0.37920000000002574,"failureMessages":[],"meta":{},"tags":[]},{"ancestorTitles":["Phase 7A deployment contract"],"fullName":"Phase 7A deployment contract derives the Worker queue prefix from the Compose Redis ACL prefix","status":"passed","title":"derives the Worker queue prefix from the Compose Redis ACL prefix","duration":0.5964999999999918,"failureMessages":[],"meta":{},"tags":[]},{"ancestorTitles":["Phase 7A deployment contract"],"fullName":"Phase 7A deployment contract makes every runtime-owned file readable by its service identity","status":"passed","title":"makes every runtime-owned file readable by its service identity","duration":0.33330000000000837,"failureMessages":[],"meta":{},"tags":[]},{"ancestorTitles":["Phase 7A deployment contract"],"fullName":"Phase 7A deployment contract waits for Supervisor readiness instead of racing the process","status":"passed","title":"waits for Supervisor readiness instead of racing the process","duration":0.3305000000000291,"failureMessages":[],"meta":{},"tags":[]},{"ancestorTitles":["Phase 7A deployment contract"],"fullName":"Phase 7A deployment contract makes the private config directory reachable by the unprivileged Supervisor","status":"passed","title":"makes the private config directory reachable by the unprivileged Supervisor","duration":0.2796000000000163,"failureMessages":[],"meta":{},"tags":[]},{"ancestorTitles":["Phase 7A deployment contract"],"fullName":"Phase 7A deployment contract covers every security gate in the gate runner","status":"passed","title":"covers every security gate in the gate runner","duration":1.3366000000000327,"failureMessages":[],"meta":{},"tags":[]},{"ancestorTitles":["Phase 7A deployment contract"],"fullName":"Phase 7A deployment contract never leaves root-owned git metadata in an operator checkout","status":"passed","title":"never leaves root-owned git metadata in an operator checkout","duration":0.2407000000000039,"failureMessages":[],"meta":{},"tags":[]},{"ancestorTitles":["Phase 7A deployment contract"],"fullName":"Phase 7A deployment contract keeps every host artifact LF-only and free of unbound-name references","status":"passed","title":"keeps every host artifact LF-only and free of unbound-name references","duration":1.947999999999979,"failureMessages":[],"meta":{},"tags":[]},{"ancestorTitles":["Phase 7A deployment contract"],"fullName":"Phase 7A deployment contract works on a fresh clone that has no node_modules or toolchain state","status":"passed","title":"works on a fresh clone that has no node_modules or toolchain state","duration":0.3505999999999858,"failureMessages":[],"meta":{},"tags":[]},{"ancestorTitles":["Phase 7A deployment contract"],"fullName":"Phase 7A deployment contract checks kernel capabilities with the real /proc field spelling","status":"passed","title":"checks kernel capabilities with the real /proc field spelling","duration":0.21949999999998226,"failureMessages":[],"meta":{},"tags":[]},{"ancestorTitles":["Phase 7A deployment contract"],"fullName":"Phase 7A deployment contract fails closed on missing prerequisites and security gates","status":"passed","title":"fails closed on missing prerequisites and security gates","duration":0.38880000000000337,"failureMessages":[],"meta":{},"tags":[]},{"ancestorTitles":["Phase 7A deployment contract"],"fullName":"Phase 7A deployment contract preserves compiler rootfs integrity and identity contract","status":"passed","title":"preserves compiler rootfs integrity and identity contract","duration":0.2249999999999659,"failureMessages":[],"meta":{},"tags":[]},{"ancestorTitles":["Phase 7A deployment contract"],"fullName":"Phase 7A deployment contract does not require Go, Node or pnpm on a production host","status":"passed","title":"does not require Go, Node or pnpm on a production host","duration":0.7606999999999857,"failureMessages":[],"meta":{},"tags":[]},{"ancestorTitles":["Phase 7A deployment contract"],"fullName":"Phase 7A deployment contract treats the Judge Host Agent as optional","status":"passed","title":"treats the Judge Host Agent as optional","duration":0.2710999999999899,"failureMessages":[],"meta":{},"tags":[]},{"ancestorTitles":["Phase 7A deployment contract"],"fullName":"Phase 7A deployment contract runs the execution cell as dedicated non-root identities","status":"passed","title":"runs the execution cell as dedicated non-root identities","duration":0.5106999999999289,"failureMessages":[],"meta":{},"tags":[]},{"ancestorTitles":["Phase 7A deployment contract"],"fullName":"Phase 7A deployment contract grants only the user-namespace permission through AppArmor","status":"passed","title":"grants only the user-namespace permission through AppArmor","duration":0.302599999999984,"failureMessages":[],"meta":{},"tags":[]},{"ancestorTitles":["Phase 7A deployment contract"],"fullName":"Phase 7A deployment contract records the executable bit for scripts the deployment guide runs directly","status":"passed","title":"records the executable bit for scripts the deployment guide runs directly","duration":214.8904,"failureMessages":[],"meta":{},"tags":[]},{"ancestorTitles":["Phase 7A deployment contract"],"fullName":"Phase 7A deployment contract documents every production-required variable in the env template","status":"passed","title":"documents every production-required variable in the env template","duration":0.5072000000000116,"failureMessages":[],"meta":{},"tags":[]},{"ancestorTitles":["Phase 7A deployment contract"],"fullName":"Phase 7A deployment contract keeps the two-command deployment story visible and standard","status":"passed","title":"keeps the two-command deployment story visible and standard","duration":0.41800000000000637,"failureMessages":[],"meta":{},"tags":[]}],"startTime":1790067850337,"endTime":1790067850697.418,"status":"passed","message":"","name":"D:/OJPlatform-worktrees/fullstack-sync-v1/tests/deployment-contract.test.ts"},{"assertionResults":[{"ancestorTitles":["Discussion Core V1"],"fullName":"Discussion Core V1 keeps UUID and public text post lookup parameters type-compatible","status":"passed","title":"keeps UUID and public text post lookup parameters type-compatible","duration":11.996099999999387,"failureMessages":[],"meta":{},"tags":[]},{"ancestorTitles":["Discussion Core V1"],"fullName":"Discussion Core V1 sanitizes Discussion Markdown while preserving math","status":"passed","title":"sanitizes Discussion Markdown while preserving math","duration":52.36440000000039,"failureMessages":[],"meta":{},"tags":[]},{"ancestorTitles":["Discussion Core V1"],"fullName":"Discussion Core V1 supports draft, publish, tombstone, pagination and idempotent likes","status":"passed","title":"supports draft, publish, tombstone, pagination and idempotent likes","duration":2.703500000000531,"failureMessages":[],"meta":{},"tags":[]},{"ancestorTitles":["Discussion Core V1"],"fullName":"Discussion Core V1 uses stable keyset pagination, including equal timestamps and invalid cursors","status":"passed","title":"uses stable keyset pagination, including equal timestamps and invalid cursors","duration":23.020900000000438,"failureMessages":[],"meta":{},"tags":[]},{"ancestorTitles":["Discussion Core V1"],"fullName":"Discussion Core V1 serves persisted Blog metadata, filters and overview data","status":"passed","title":"serves persisted Blog metadata, filters and overview data","duration":542.6737999999996,"failureMessages":[],"meta":{},"tags":[]},{"ancestorTitles":["Discussion Core V1"],"fullName":"Discussion Core V1 keeps comment counts independent of page size and updates them on create/delete","status":"passed","title":"keeps comment counts independent of page size and updates them on create/delete","duration":1.3877999999995154,"failureMessages":[],"meta":{},"tags":[]},{"ancestorTitles":["Discussion Core V1"],"fullName":"Discussion Core V1 paginates comments deterministically when timestamps are equal","status":"passed","title":"paginates comments deterministically when timestamps are equal","duration":0.5824000000002343,"failureMessages":[],"meta":{},"tags":[]},{"ancestorTitles":["Discussion Core V1"],"fullName":"Discussion Core V1 keeps comment replies scoped to their post and comment likes durable","status":"passed","title":"keeps comment replies scoped to their post and comment likes durable","duration":1.0516999999999825,"failureMessages":[],"meta":{},"tags":[]},{"ancestorTitles":["Discussion Core V1"],"fullName":"Discussion Core V1 enforces authentication, CSRF, ownership and announcement capability at API boundary","status":"passed","title":"enforces authentication, CSRF, ownership and announcement capability at API boundary","duration":40.65900000000056,"failureMessages":[],"meta":{},"tags":[]},{"ancestorTitles":["Discussion Core V1"],"fullName":"Discussion Core V1 projects viewer capabilities without exposing identity","status":"passed","title":"projects viewer capabilities without exposing identity","duration":64.99319999999989,"failureMessages":[],"meta":{},"tags":[]},{"ancestorTitles":["Discussion Core V1"],"fullName":"Discussion Core V1 renders post and comment controls from server capabilities","status":"passed","title":"renders post and comment controls from server capabilities","duration":518.8045000000002,"failureMessages":[],"meta":{},"tags":[]}],"startTime":1790067846454,"endTime":1790067847714.8044,"status":"passed","message":"","name":"D:/OJPlatform-worktrees/fullstack-sync-v1/tests/discussion-core.test.tsx"},{"assertionResults":[{"ancestorTitles":["Blog Hub Reference Experience"],"fullName":"Blog Hub Reference Experience renders the blog masthead, editorial navigation and data-backed article cards","status":"passed","title":"renders the blog masthead, editorial navigation and data-backed article cards","duration":556.8062,"failureMessages":[],"meta":{},"tags":[]},{"ancestorTitles":["Blog Hub Reference Experience"],"fullName":"Blog Hub Reference Experience preserves type and search in URL-driven navigation and API query","status":"passed","title":"preserves type and search in URL-driven navigation and API query","duration":152.93910000000005,"failureMessages":[],"meta":{},"tags":[]},{"ancestorTitles":["Blog Hub Reference Experience"],"fullName":"Blog Hub Reference Experience renders persisted Blog facets and loads cursor-paginated cards","status":"passed","title":"renders persisted Blog facets and loads cursor-paginated cards","duration":673.9939000000004,"failureMessages":[],"meta":{},"tags":[]},{"ancestorTitles":["Blog Hub Reference Experience"],"fullName":"Blog Hub Reference Experience shows content-specific empty state and compact retry state","status":"passed","title":"shows content-specific empty state and compact retry state","duration":299.8176000000003,"failureMessages":[],"meta":{},"tags":[]},{"ancestorTitles":["Blog Hub Reference Experience"],"fullName":"Blog Hub Reference Experience uses one reading template with capability actions, comments, like and copy feedback","status":"passed","title":"uses one reading template with capability actions, comments, like and copy feedback","duration":229.15180000000055,"failureMessages":[],"meta":{},"tags":[]},{"ancestorTitles":["Blog Hub Reference Experience"],"fullName":"Blog Hub Reference Experience renders announcement detail through same template and hides non-owner controls","status":"passed","title":"renders announcement detail through same template and hides non-owner controls","duration":115.14000000000033,"failureMessages":[],"meta":{},"tags":[]},{"ancestorTitles":["Blog Hub Reference Experience"],"fullName":"Blog Hub Reference Experience shows the problem-link preview only for posts identified as solutions","status":"passed","title":"shows the problem-link preview only for posts identified as solutions","duration":88.71609999999964,"failureMessages":[],"meta":{},"tags":[]},{"ancestorTitles":["Blog Hub Reference Experience"],"fullName":"Blog Hub Reference Experience preserves GFM, math and rich content while dropping unsafe HTML","status":"passed","title":"preserves GFM, math and rich content while dropping unsafe HTML","duration":72.66730000000007,"failureMessages":[],"meta":{},"tags":[]}],"startTime":1790067846031,"endTime":1790067848220.6672,"status":"passed","message":"","name":"D:/OJPlatform-worktrees/fullstack-sync-v1/tests/discussion-hub-experience-wave2.test.tsx"},{"assertionResults":[{"ancestorTitles":["Evaluation Detail UX V5"],"fullName":"Evaluation Detail UX V5 separates result and code tabs, copies source, and centralizes metadata","status":"passed","title":"separates result and code tabs, copies source, and centralizes metadata","duration":1244.1028999999999,"failureMessages":[],"meta":{},"tags":[]},{"ancestorTitles":["Evaluation Detail UX V5"],"fullName":"Evaluation Detail UX V5 reports unavailable source when canonical endpoint denies access","status":"passed","title":"reports unavailable source when canonical endpoint denies access","duration":128.7513999999992,"failureMessages":[],"meta":{},"tags":[]},{"ancestorTitles":["Evaluation Detail UX V5"],"fullName":"Evaluation Detail UX V5 keeps testcase facts inside square cards","status":"passed","title":"keeps testcase facts inside square cards","duration":94.54999999999927,"failureMessages":[],"meta":{},"tags":[]},{"ancestorTitles":["Evaluation Detail UX V5"],"fullName":"Evaluation Detail UX V5 renders AC testcase status with all card facts visible","status":"passed","title":"renders AC testcase status with all card facts visible","duration":138.57819999999992,"failureMessages":[],"meta":{},"tags":[]},{"ancestorTitles":["Evaluation Detail UX V5"],"fullName":"Evaluation Detail UX V5 renders WA testcase status with all card facts visible","status":"passed","title":"renders WA testcase status with all card facts visible","duration":134.76540000000023,"failureMessages":[],"meta":{},"tags":[]},{"ancestorTitles":["Evaluation Detail UX V5"],"fullName":"Evaluation Detail UX V5 renders RE testcase status with all card facts visible","status":"passed","title":"renders RE testcase status with all card facts visible","duration":180.1366999999991,"failureMessages":[],"meta":{},"tags":[]},{"ancestorTitles":["Evaluation Detail UX V5"],"fullName":"Evaluation Detail UX V5 renders TLE testcase status with all card facts visible","status":"passed","title":"renders TLE testcase status with all card facts visible","duration":165.09749999999985,"failureMessages":[],"meta":{},"tags":[]},{"ancestorTitles":["Evaluation Detail UX V5"],"fullName":"Evaluation Detail UX V5 renders MLE testcase status with all card facts visible","status":"passed","title":"renders MLE testcase status with all card facts visible","duration":198.21850000000086,"failureMessages":[],"meta":{},"tags":[]},{"ancestorTitles":["Evaluation Detail UX V5"],"fullName":"Evaluation Detail UX V5 renders RUNNING testcase status with all card facts visible","status":"passed","title":"renders RUNNING testcase status with all card facts visible","duration":94.6880000000001,"failureMessages":[],"meta":{},"tags":[]},{"ancestorTitles":["Evaluation Detail UX V5"],"fullName":"Evaluation Detail UX V5 renders WAITING testcase status with all card facts visible","status":"passed","title":"renders WAITING testcase status with all card facts visible","duration":164.19120000000112,"failureMessages":[],"meta":{},"tags":[]}],"startTime":1790067848782,"endTime":1790067851327.1912,"status":"passed","message":"","name":"D:/OJPlatform-worktrees/fullstack-sync-v1/tests/evaluation-detail-ux-v5.test.tsx"},{"assertionResults":[{"ancestorTitles":["Evaluation history full experience"],"fullName":"Evaluation history full experience renders aggregated analytics, complete rows, and server-side pagination controls","status":"passed","title":"renders aggregated analytics, complete rows, and server-side pagination controls","duration":990.7366999999999,"failureMessages":[],"meta":{},"tags":[]}],"startTime":1790067850347,"endTime":1790067851337.7368,"status":"passed","message":"","name":"D:/OJPlatform-worktrees/fullstack-sync-v1/tests/evaluation-history-experience.test.tsx"},{"assertionResults":[{"ancestorTitles":["evaluation live event contract"],"fullName":"evaluation live event contract emits bounded Judge phases once and excludes hidden testcase content","status":"passed","title":"emits bounded Judge phases once and excludes hidden testcase content","duration":4.9728000000000065,"failureMessages":[],"meta":{},"tags":[]},{"ancestorTitles":["evaluation live event contract"],"fullName":"evaluation live event contract delivers one Redis progress message to bridge consumer","status":"passed","title":"delivers one Redis progress message to bridge consumer","duration":1.6749999999999545,"failureMessages":[],"meta":{},"tags":[]},{"ancestorTitles":["evaluation live event contract"],"fullName":"evaluation live event contract fans out Product event to a second Redis consumer","status":"passed","title":"fans out Product event to a second Redis consumer","duration":1.7161999999998443,"failureMessages":[],"meta":{},"tags":[]},{"ancestorTitles":["evaluation live event contract"],"fullName":"evaluation live event contract publishes monotonic, duplicate-safe deltas and replays by cursor","status":"passed","title":"publishes monotonic, duplicate-safe deltas and replays by cursor","duration":1.009900000000016,"failureMessages":[],"meta":{},"tags":[]},{"ancestorTitles":["evaluation live event contract"],"fullName":"evaluation live event contract reports replay gaps after bounded history eviction","status":"passed","title":"reports replay gaps after bounded history eviction","duration":0.3041000000000622,"failureMessages":[],"meta":{},"tags":[]},{"ancestorTitles":["evaluation live event contract"],"fullName":"evaluation live event contract authorizes evaluation stream and closes after terminal event","status":"passed","title":"authorizes evaluation stream and closes after terminal event","duration":176.84010000000012,"failureMessages":[],"meta":{},"tags":[]}],"startTime":1790067854387,"endTime":1790067854573.84,"status":"passed","message":"","name":"D:/OJPlatform-worktrees/fullstack-sync-v1/tests/evaluation-live-sse.test.ts"},{"assertionResults":[{"ancestorTitles":["execution-cell Docker privilege boundary"],"fullName":"execution-cell Docker privilege boundary keeps production execution-cell source independent of Docker","status":"passed","title":"keeps production execution-cell source independent of Docker","duration":14.019200000000012,"failureMessages":[],"meta":{},"tags":[]},{"ancestorTitles":["execution-cell Docker privilege boundary"],"fullName":"execution-cell Docker privilege boundary does not provision oj-sandbox into the Docker group","status":"passed","title":"does not provision oj-sandbox into the Docker group","duration":13.656199999999956,"failureMessages":[],"meta":{},"tags":[]},{"ancestorTitles":["execution-cell Docker privilege boundary"],"fullName":"execution-cell Docker privilege boundary uses the trusted WSL operator for Docker infrastructure helpers","status":"passed","title":"uses the trusted WSL operator for Docker infrastructure helpers","duration":2.922399999999982,"failureMessages":[],"meta":{},"tags":[]}],"startTime":1790067853914,"endTime":1790067853944.9224,"status":"passed","message":"","name":"D:/OJPlatform-worktrees/fullstack-sync-v1/tests/execution-cell-docker-boundary.test.ts"},{"assertionResults":[{"ancestorTitles":["foundation package boundaries"],"fullName":"foundation package boundaries preserves values through the deterministic test helper","status":"passed","title":"preserves values through the deterministic test helper","duration":2.4388000000000147,"failureMessages":[],"meta":{},"tags":[]},{"ancestorTitles":["foundation package boundaries"],"fullName":"foundation package boundaries exposes draft public contract markers without runtime integration","status":"failed","title":"exposes draft public contract markers without runtime integration","duration":6.386899999999969,"failureMessages":["AssertionError: expected '1.0.0' to be '0.1-draft' // Object.is equality\n    at D:/OJPlatform-worktrees/fullstack-sync-v1/tests/foundation.test.ts:12:30\n    at file:///D:/OJPlatform-worktrees/fullstack-sync-v1/node_modules/.pnpm/@vitest+runner@4.1.11/node_modules/@vitest/runner/dist/chunk-artifact.js:302:11\n    at file:///D:/OJPlatform-worktrees/fullstack-sync-v1/node_modules/.pnpm/@vitest+runner@4.1.11/node_modules/@vitest/runner/dist/chunk-artifact.js:1903:26\n    at file:///D:/OJPlatform-worktrees/fullstack-sync-v1/node_modules/.pnpm/@vitest+runner@4.1.11/node_modules/@vitest/runner/dist/chunk-artifact.js:2326:20\n    at new Promise (<anonymous>)\n    at runWithCancel (file:///D:/OJPlatform-worktrees/fullstack-sync-v1/node_modules/.pnpm/@vitest+runner@4.1.11/node_modules/@vitest/runner/dist/chunk-artifact.js:2323:10)\n    at file:///D:/OJPlatform-worktrees/fullstack-sync-v1/node_modules/.pnpm/@vitest+runner@4.1.11/node_modules/@vitest/runner/dist/chunk-artifact.js:2305:20\n    at new Promise (<anonymous>)\n    at runWithTimeout (file:///D:/OJPlatform-worktrees/fullstack-sync-v1/node_modules/.pnpm/@vitest+runner@4.1.11/node_modules/@vitest/runner/dist/chunk-artifact.js:2272:10)\n    at file:///D:/OJPlatform-worktrees/fullstack-sync-v1/node_modules/.pnpm/@vitest+runner@4.1.11/node_modules/@vitest/runner/dist/chunk-artifact.js:2956:64"],"meta":{},"tags":[]}],"startTime":1790067840683,"endTime":1790067840691.387,"status":"failed","message":"","name":"D:/OJPlatform-worktrees/fullstack-sync-v1/tests/foundation.test.ts"},{"assertionResults":[{"ancestorTitles":["guest auth contract"],"fullName":"guest auth contract creates a real guest and resumes the same durable identity","status":"passed","title":"creates a real guest and resumes the same durable identity","duration":218.74900000000002,"failureMessages":[],"meta":{},"tags":[]},{"ancestorTitles":["guest auth contract"],"fullName":"guest auth contract keeps resume valid across normal logout and supports explicit revoke","status":"passed","title":"keeps resume valid across normal logout and supports explicit revoke","duration":18.901200000000017,"failureMessages":[],"meta":{},"tags":[]},{"ancestorTitles":["guest auth contract"],"fullName":"guest auth contract replaces an unknown stale cookie and converges concurrent tabs on one guest","status":"passed","title":"replaces an unknown stale cookie and converges concurrent tabs on one guest","duration":26.19309999999996,"failureMessages":[],"meta":{},"tags":[]},{"ancestorTitles":["guest auth contract"],"fullName":"guest auth contract fails closed when the limiter is unavailable or denies the request","status":"passed","title":"fails closed when the limiter is unavailable or denies the request","duration":27.463700000000244,"failureMessages":[],"meta":{},"tags":[]}],"startTime":1790067852126,"endTime":1790067852417.4636,"status":"passed","message":"","name":"D:/OJPlatform-worktrees/fullstack-sync-v1/tests/guest-auth.test.ts"},{"assertionResults":[{"ancestorTitles":["guest problem authoring"],"fullName":"guest problem authoring restores a CSRF token for an existing Guest session before authoring","status":"passed","title":"restores a CSRF token for an existing Guest session before authoring","duration":802.1798999999992,"failureMessages":[],"meta":{},"tags":[]},{"ancestorTitles":["guest problem authoring"],"fullName":"guest problem authoring binds Guest judge-data authoring to the server-side guest principal","status":"passed","title":"binds Guest judge-data authoring to the server-side guest principal","duration":268.4960000000001,"failureMessages":[],"meta":{},"tags":[]},{"ancestorTitles":["guest problem authoring"],"fullName":"guest problem authoring allows an author to submit against a private revision","status":"passed","title":"allows an author to submit against a private revision","duration":212.4937,"failureMessages":[],"meta":{},"tags":[]}],"startTime":1790067846839,"endTime":1790067848122.4937,"status":"passed","message":"","name":"D:/OJPlatform-worktrees/fullstack-sync-v1/tests/guest-problem-authoring.test.ts"},{"assertionResults":[{"ancestorTitles":[],"fullName":"renders recommendation cards from public Home API problems","status":"passed","title":"renders recommendation cards from public Home API problems","duration":148.99450000000024,"failureMessages":[],"meta":{},"tags":[]}],"startTime":1790067856370,"endTime":1790067856518.9944,"status":"passed","message":"","name":"D:/OJPlatform-worktrees/fullstack-sync-v1/tests/home-full-experience.test.tsx"},{"assertionResults":[{"ancestorTitles":["Homework dashboard navbar"],"fullName":"Homework dashboard navbar uses the shared navigation and marks homework active","status":"passed","title":"uses the shared navigation and marks homework active","duration":281.3822,"failureMessages":[],"meta":{},"tags":[]}],"startTime":1790067855405,"endTime":1790067855686.382,"status":"passed","message":"","name":"D:/OJPlatform-worktrees/fullstack-sync-v1/tests/homework-dashboard-navbar.test.tsx"},{"assertionResults":[{"ancestorTitles":["Homework dashboard synchronization"],"fullName":"Homework dashboard synchronization renders persisted assignments and preserves detail navigation","status":"passed","title":"renders persisted assignments and preserves detail navigation","duration":271.5729000000001,"failureMessages":[],"meta":{},"tags":[]},{"ancestorTitles":["Homework dashboard synchronization"],"fullName":"Homework dashboard synchronization does not request protected data before authentication","status":"passed","title":"does not request protected data before authentication","duration":33.14210000000003,"failureMessages":[],"meta":{},"tags":[]},{"ancestorTitles":["Homework dashboard synchronization"],"fullName":"Homework dashboard synchronization shows a real empty state after a successful server response","status":"passed","title":"shows a real empty state after a successful server response","duration":24.10839999999962,"failureMessages":[],"meta":{},"tags":[]}],"startTime":1790067853697,"endTime":1790067854026.1084,"status":"passed","message":"","name":"D:/OJPlatform-worktrees/fullstack-sync-v1/tests/homework-dashboard-recreation.test.tsx"},{"assertionResults":[{"ancestorTitles":["Homework feature extraction"],"fullName":"Homework feature extraction preserves assignment listing, homework navigation, and owner controls","status":"passed","title":"preserves assignment listing, homework navigation, and owner controls","duration":149.29559999999992,"failureMessages":[],"meta":{},"tags":[]}],"startTime":1790067855155,"endTime":1790067855304.2957,"status":"passed","message":"","name":"D:/OJPlatform-worktrees/fullstack-sync-v1/tests/homework-feature-extraction.test.tsx"},{"assertionResults":[{"ancestorTitles":["Product-facing Judge Admin client"],"fullName":"Product-facing Judge Admin client uses only the Product namespace and sends concurrency guards","status":"passed","title":"uses only the Product namespace and sends concurrency guards","duration":24.682999999999993,"failureMessages":[],"meta":{},"tags":[]},{"ancestorTitles":["Product-facing Judge Admin client"],"fullName":"Product-facing Judge Admin client preserves stable Product error classes","status":"passed","title":"preserves stable Product error classes","duration":2.283900000000017,"failureMessages":[],"meta":{},"tags":[]},{"ancestorTitles":["Product-facing Judge Admin client"],"fullName":"Product-facing Judge Admin client unwraps the audited pool policy mutation response","status":"passed","title":"unwraps the audited pool policy mutation response","duration":1.2789000000000215,"failureMessages":[],"meta":{},"tags":[]}],"startTime":1790067854384,"endTime":1790067854412.2788,"status":"passed","message":"","name":"D:/OJPlatform-worktrees/fullstack-sync-v1/tests/judge-admin-client.test.ts"},{"assertionResults":[{"ancestorTitles":["judge admin adapter and product boundary"],"fullName":"judge admin adapter and product boundary sends only server credential and strips sensitive response fields","status":"passed","title":"sends only server credential and strips sensitive response fields","duration":20.717800000000125,"failureMessages":[],"meta":{},"tags":[]},{"ancestorTitles":["judge admin adapter and product boundary"],"fullName":"judge admin adapter and product boundary maps upstream timeout and status errors without leaking details","status":"passed","title":"maps upstream timeout and status errors without leaking details","duration":2.0709999999999127,"failureMessages":[],"meta":{},"tags":[]},{"ancestorTitles":["judge admin adapter and product boundary"],"fullName":"judge admin adapter and product boundary enforces RBAC, CSRF, idempotency and durable audit calls","status":"passed","title":"enforces RBAC, CSRF, idempotency and durable audit calls","duration":235.3590999999999,"failureMessages":[],"meta":{},"tags":[]},{"ancestorTitles":["judge admin adapter and product boundary"],"fullName":"judge admin adapter and product boundary keeps view-only Judge access distinct from mutation permission","status":"passed","title":"keeps view-only Judge access distinct from mutation permission","duration":11.567000000000007,"failureMessages":[],"meta":{},"tags":[]},{"ancestorTitles":["judge admin adapter and product boundary"],"fullName":"judge admin adapter and product boundary normalizes Judge summary and wraps Product mutation metadata","status":"passed","title":"normalizes Judge summary and wraps Product mutation metadata","duration":11.246499999999969,"failureMessages":[],"meta":{},"tags":[]},{"ancestorTitles":["judge admin adapter and product boundary"],"fullName":"judge admin adapter and product boundary accepts a pool mode change with its control-version guard","status":"passed","title":"accepts a pool mode change with its control-version guard","duration":11.34270000000015,"failureMessages":[],"meta":{},"tags":[]}],"startTime":1790067852631,"endTime":1790067852924.3428,"status":"passed","message":"","name":"D:/OJPlatform-worktrees/fullstack-sync-v1/tests/judge-admin.test.ts"},{"assertionResults":[{"ancestorTitles":["Lead Judge API composition"],"fullName":"Lead Judge API composition uses authoritative submission ownership and a whitelisted public projection","status":"passed","title":"uses authoritative submission ownership and a whitelisted public projection","duration":192.80160000000024,"failureMessages":[],"meta":{},"tags":[]},{"ancestorTitles":["Lead Judge API composition"],"fullName":"Lead Judge API composition keeps qualification controls absent by default and rejects unauthenticated, forged, or unrelated calls","status":"passed","title":"keeps qualification controls absent by default and rejects unauthenticated, forged, or unrelated calls","duration":12.242999999999938,"failureMessages":[],"meta":{},"tags":[]},{"ancestorTitles":["Lead Judge API composition"],"fullName":"Lead Judge API composition fails closed for an unknown internal state and never treats it as success","status":"passed","title":"fails closed for an unknown internal state and never treats it as success","duration":5.807299999999941,"failureMessages":[],"meta":{},"tags":[]},{"ancestorTitles":["Lead Judge API composition"],"fullName":"Lead Judge API composition does not include internal fixture identifiers in a public job","status":"passed","title":"does not include internal fixture identifiers in a public job","duration":0.6864000000000487,"failureMessages":[],"meta":{},"tags":[]},{"ancestorTitles":["Lead Judge API composition"],"fullName":"Lead Judge API composition projects verdict metadata without expected output, stdout, or lease secrets","status":"passed","title":"projects verdict metadata without expected output, stdout, or lease secrets","duration":2.378899999999703,"failureMessages":[],"meta":{},"tags":[]}],"startTime":1790067853701,"endTime":1790067853915.379,"status":"passed","message":"","name":"D:/OJPlatform-worktrees/fullstack-sync-v1/tests/judge-api-composition.test.ts"},{"assertionResults":[{"ancestorTitles":["immutable artifact contract"],"fullName":"immutable artifact contract preserves one immutable artifact per version across canonical key ordering","status":"passed","title":"preserves one immutable artifact per version across canonical key ordering","duration":9.221500000000106,"failureMessages":[],"meta":{},"tags":[]},{"ancestorTitles":["immutable artifact contract"],"fullName":"immutable artifact contract rejects inconsistent persisted artifact metadata and manifest bytes","status":"passed","title":"rejects inconsistent persisted artifact metadata and manifest bytes","duration":1.9221999999999753,"failureMessages":[],"meta":{},"tags":[]},{"ancestorTitles":["immutable artifact contract"],"fullName":"immutable artifact contract keeps 100 MiB input metadata below 2 KiB without inline content","status":"passed","title":"keeps 100 MiB input metadata below 2 KiB without inline content","duration":1.0257000000001426,"failureMessages":[],"meta":{},"tags":[]},{"ancestorTitles":["immutable artifact contract"],"fullName":"immutable artifact contract dispatches, persists and claims 100 MiB by reference with idempotent retry","status":"passed","title":"dispatches, persists and claims 100 MiB by reference with idempotent retry","duration":257.55279999999993,"failureMessages":[],"meta":{},"tags":[]},{"ancestorTitles":["immutable artifact contract"],"fullName":"immutable artifact contract dispatches a later evaluation generation without reusing generation 1 identity","status":"passed","title":"dispatches a later evaluation generation without reusing generation 1 identity","duration":19.337800000000016,"failureMessages":[],"meta":{},"tags":[]},{"ancestorTitles":["immutable artifact contract"],"fullName":"immutable artifact contract preserves digest when database reorders JSON keys","status":"passed","title":"preserves digest when database reorders JSON keys","duration":8.54359999999997,"failureMessages":[],"meta":{},"tags":[]},{"ancestorTitles":["immutable artifact contract"],"fullName":"immutable artifact contract rejects changed formatVersion","status":"passed","title":"rejects changed formatVersion","duration":0.7825000000000273,"failureMessages":[],"meta":{},"tags":[]},{"ancestorTitles":["immutable artifact contract"],"fullName":"immutable artifact contract rejects changed contentLength","status":"passed","title":"rejects changed contentLength","duration":0.6213000000000193,"failureMessages":[],"meta":{},"tags":[]},{"ancestorTitles":["immutable artifact contract"],"fullName":"immutable artifact contract rejects changed sha256","status":"passed","title":"rejects changed sha256","duration":0.8647000000000844,"failureMessages":[],"meta":{},"tags":[]},{"ancestorTitles":["immutable artifact contract"],"fullName":"immutable artifact contract rejects changed inputBytes","status":"passed","title":"rejects changed inputBytes","duration":0.6524999999999181,"failureMessages":[],"meta":{},"tags":[]},{"ancestorTitles":["immutable artifact contract"],"fullName":"immutable artifact contract rejects changed testcaseCount","status":"passed","title":"rejects changed testcaseCount","duration":0.5932999999999993,"failureMessages":[],"meta":{},"tags":[]},{"ancestorTitles":["immutable artifact contract"],"fullName":"immutable artifact contract rejects substituted metadata, inline bytes, traversal and oversized entries","status":"passed","title":"rejects substituted metadata, inline bytes, traversal and oversized entries","duration":2.2806000000000495,"failureMessages":[],"meta":{},"tags":[]}],"startTime":1790067852647,"endTime":1790067852951.2805,"status":"passed","message":"","name":"D:/OJPlatform-worktrees/fullstack-sync-v1/tests/judge-artifact-contract.test.ts"},{"assertionResults":[{"ancestorTitles":["Judge Authz recovery A01-A24"],"fullName":"Judge Authz recovery A01-A24 A01 unauthenticated view denied","status":"passed","title":"A01 unauthenticated view denied","duration":3.566099999999892,"failureMessages":[],"meta":{},"tags":[]},{"ancestorTitles":["Judge Authz recovery A01-A24"],"fullName":"Judge Authz recovery A01-A24 A02 owner view allowed","status":"passed","title":"A02 owner view allowed","duration":0.5040000000000191,"failureMessages":[],"meta":{},"tags":[]},{"ancestorTitles":["Judge Authz recovery A01-A24"],"fullName":"Judge Authz recovery A01-A24 A03 unrelated user view denied","status":"passed","title":"A03 unrelated user view denied","duration":0.28890000000001237,"failureMessages":[],"meta":{},"tags":[]},{"ancestorTitles":["Judge Authz recovery A01-A24"],"fullName":"Judge Authz recovery A01-A24 A04 operator inspect allowed","status":"passed","title":"A04 operator inspect allowed","duration":0.36160000000006676,"failureMessages":[],"meta":{},"tags":[]},{"ancestorTitles":["Judge Authz recovery A01-A24"],"fullName":"Judge Authz recovery A01-A24 A05 ordinary user inspect denied for unrelated job","status":"passed","title":"A05 ordinary user inspect denied for unrelated job","duration":0.28899999999998727,"failureMessages":[],"meta":{},"tags":[]},{"ancestorTitles":["Judge Authz recovery A01-A24"],"fullName":"Judge Authz recovery A01-A24 A06 operator retry allowed only in retryable state","status":"passed","title":"A06 operator retry allowed only in retryable state","duration":0.4333999999998923,"failureMessages":[],"meta":{},"tags":[]},{"ancestorTitles":["Judge Authz recovery A01-A24"],"fullName":"Judge Authz recovery A01-A24 A07 ordinary retry denied","status":"passed","title":"A07 ordinary retry denied","duration":0.30540000000007694,"failureMessages":[],"meta":{},"tags":[]},{"ancestorTitles":["Judge Authz recovery A01-A24"],"fullName":"Judge Authz recovery A01-A24 A08 terminal retry denied across terminal states","status":"passed","title":"A08 terminal retry denied across terminal states","duration":0.536200000000008,"failureMessages":[],"meta":{},"tags":[]},{"ancestorTitles":["Judge Authz recovery A01-A24"],"fullName":"Judge Authz recovery A01-A24 A09 cancel semantics are state-aware and capability-controlled","status":"passed","title":"A09 cancel semantics are state-aware and capability-controlled","duration":0.6935000000000855,"failureMessages":[],"meta":{},"tags":[]},{"ancestorTitles":["Judge Authz recovery A01-A24"],"fullName":"Judge Authz recovery A01-A24 A10 inactive, disabled, and deactivated users denied for all operations","status":"passed","title":"A10 inactive, disabled, and deactivated users denied for all operations","duration":0.7726000000000113,"failureMessages":[],"meta":{},"tags":[]},{"ancestorTitles":["Judge Authz recovery A01-A24"],"fullName":"Judge Authz recovery A01-A24 A11 forged ownership identifiers denied","status":"passed","title":"A11 forged ownership identifiers denied","duration":0.4474999999999909,"failureMessages":[],"meta":{},"tags":[]},{"ancestorTitles":["Judge Authz recovery A01-A24"],"fullName":"Judge Authz recovery A01-A24 A12 audit metadata contains no source marker","status":"passed","title":"A12 audit metadata contains no source marker","duration":0.41190000000005966,"failureMessages":[],"meta":{},"tags":[]},{"ancestorTitles":["Judge Authz recovery A01-A24"],"fullName":"Judge Authz recovery A01-A24 A13 audit metadata contains no credential/session-secret marker","status":"passed","title":"A13 audit metadata contains no credential/session-secret marker","duration":0.24130000000002383,"failureMessages":[],"meta":{},"tags":[]},{"ancestorTitles":["Judge Authz recovery A01-A24"],"fullName":"Judge Authz recovery A01-A24 A14 unknown operation deny-by-default","status":"passed","title":"A14 unknown operation deny-by-default","duration":0.21549999999990632,"failureMessages":[],"meta":{},"tags":[]},{"ancestorTitles":["Judge Authz recovery A01-A24"],"fullName":"Judge Authz recovery A01-A24 A15 malformed auth context denied safely","status":"passed","title":"A15 malformed auth context denied safely","duration":0.18610000000001037,"failureMessages":[],"meta":{},"tags":[]},{"ancestorTitles":["Judge Authz recovery A01-A24"],"fullName":"Judge Authz recovery A01-A24 A16 unknown Judge state fails closed","status":"passed","title":"A16 unknown Judge state fails closed","duration":0.22630000000003747,"failureMessages":[],"meta":{},"tags":[]},{"ancestorTitles":["Judge Authz recovery A01-A24"],"fullName":"Judge Authz recovery A01-A24 A17 job/submission mismatch denied by authoritative linkage","status":"passed","title":"A17 job/submission mismatch denied by authoritative linkage","duration":0.18090000000006512,"failureMessages":[],"meta":{},"tags":[]},{"ancestorTitles":["Judge Authz recovery A01-A24"],"fullName":"Judge Authz recovery A01-A24 A18 horizontal privilege escalation denied","status":"passed","title":"A18 horizontal privilege escalation denied","duration":0.2664999999999509,"failureMessages":[],"meta":{},"tags":[]},{"ancestorTitles":["Judge Authz recovery A01-A24"],"fullName":"Judge Authz recovery A01-A24 A19 role/capability spoofing denied","status":"passed","title":"A19 role/capability spoofing denied","duration":0.14820000000008804,"failureMessages":[],"meta":{},"tags":[]},{"ancestorTitles":["Judge Authz recovery A01-A24"],"fullName":"Judge Authz recovery A01-A24 A20 Authz decision causes no queue mutation side effect","status":"passed","title":"A20 Authz decision causes no queue mutation side effect","duration":0.21010000000001128,"failureMessages":[],"meta":{},"tags":[]},{"ancestorTitles":["Judge Authz recovery A01-A24"],"fullName":"Judge Authz recovery A01-A24 A21 previously-valid session after account deactivation denied","status":"passed","title":"A21 previously-valid session after account deactivation denied","duration":0.1633000000000493,"failureMessages":[],"meta":{},"tags":[]},{"ancestorTitles":["Judge Authz recovery A01-A24"],"fullName":"Judge Authz recovery A01-A24 A22 inspect privilege does not imply mutation privilege","status":"passed","title":"A22 inspect privilege does not imply mutation privilege","duration":0.2579000000000633,"failureMessages":[],"meta":{},"tags":[]},{"ancestorTitles":["Judge Authz recovery A01-A24"],"fullName":"Judge Authz recovery A01-A24 A23 audit actor and target are consistent","status":"passed","title":"A23 audit actor and target are consistent","duration":1.6434999999999036,"failureMessages":[],"meta":{},"tags":[]},{"ancestorTitles":["Judge Authz recovery A01-A24"],"fullName":"Judge Authz recovery A01-A24 A24 repeated denied request is safe and idempotent","status":"passed","title":"A24 repeated denied request is safe and idempotent","duration":0.3247000000000071,"failureMessages":[],"meta":{},"tags":[]}],"startTime":1790067855343,"endTime":1790067855356.3247,"status":"passed","message":"","name":"D:/OJPlatform-worktrees/fullstack-sync-v1/tests/judge-authz.test.ts"},{"assertionResults":[{"ancestorTitles":["local judge host agent"],"fullName":"local judge host agent only starts enabled trusted templates and is idempotent","status":"passed","title":"only starts enabled trusted templates and is idempotent","duration":52.87990000000002,"failureMessages":[],"meta":{},"tags":[]},{"ancestorTitles":["local judge host agent"],"fullName":"local judge host agent restart creates a new incarnation","status":"passed","title":"restart creates a new incarnation","duration":120.97249999999997,"failureMessages":[],"meta":{},"tags":[]},{"ancestorTitles":["local judge host agent"],"fullName":"local judge host agent rejects lifecycle stop while active jobs are present","status":"passed","title":"rejects lifecycle stop while active jobs are present","duration":42.75350000000003,"failureMessages":[],"meta":{},"tags":[]},{"ancestorTitles":["local judge host agent"],"fullName":"local judge host agent subtracts owned template resources before reporting or allocating capacity","status":"passed","title":"subtracts owned template resources before reporting or allocating capacity","duration":163.85489999999993,"failureMessages":[],"meta":{},"tags":[]},{"ancestorTitles":["local judge host agent"],"fullName":"local judge host agent fails closed when a restarted host agent sees persisted live ownership","status":"passed","title":"fails closed when a restarted host agent sees persisted live ownership","duration":138.43470000000002,"failureMessages":[],"meta":{},"tags":[]},{"ancestorTitles":["local judge host agent"],"fullName":"local judge host agent protects the HTTP boundary with a separate credential","status":"passed","title":"protects the HTTP boundary with a separate credential","duration":140.65909999999985,"failureMessages":[],"meta":{},"tags":[]}],"startTime":1790067846936,"endTime":1790067847596.6592,"status":"passed","message":"","name":"D:/OJPlatform-worktrees/fullstack-sync-v1/tests/judge-host-agent.test.ts"},{"assertionResults":[{"ancestorTitles":["Phase 2C.7B Judge node domain model"],"fullName":"Phase 2C.7B Judge node domain model accepts a stable node identity with a fresh incarnation and rejects unsafe input","status":"passed","title":"accepts a stable node identity with a fresh incarnation and rejects unsafe input","duration":3.8817999999999984,"failureMessages":[],"meta":{},"tags":[]},{"ancestorTitles":["Phase 2C.7B Judge node domain model"],"fullName":"Phase 2C.7B Judge node domain model allows only explicit state transitions and blocks premature drain completion","status":"passed","title":"allows only explicit state transitions and blocks premature drain completion","duration":1.0567999999999529,"failureMessages":[],"meta":{},"tags":[]},{"ancestorTitles":["Phase 2C.7B Judge node domain model"],"fullName":"Phase 2C.7B Judge node domain model filters unavailable and incompatible nodes and selects normalized load with a stable node ID tie break","status":"passed","title":"filters unavailable and incompatible nodes and selects normalized load with a stable node ID tie break","duration":1.7014999999999532,"failureMessages":[],"meta":{},"tags":[]},{"ancestorTitles":["Phase 2C.7B Judge node domain model"],"fullName":"Phase 2C.7B Judge node domain model fails closed with a truthful no-eligible reason","status":"passed","title":"fails closed with a truthful no-eligible reason","duration":0.5672999999999888,"failureMessages":[],"meta":{},"tags":[]}],"startTime":1790067855361,"endTime":1790067855368.7014,"status":"passed","message":"","name":"D:/OJPlatform-worktrees/fullstack-sync-v1/tests/judge-node-model.test.ts"},{"assertionResults":[{"ancestorTitles":["Phase 2C.7B Judge node service contract"],"fullName":"Phase 2C.7B Judge node service contract authenticates nodes separately and schedules deterministically through an assignment","status":"passed","title":"authenticates nodes separately and schedules deterministically through an assignment","duration":227.34400000000005,"failureMessages":[],"meta":{},"tags":[]},{"ancestorTitles":["Phase 2C.7B Judge node service contract"],"fullName":"Phase 2C.7B Judge node service contract recovers an expired job lease after a Worker incarnation crash","status":"passed","title":"recovers an expired job lease after a Worker incarnation crash","duration":22.22400000000016,"failureMessages":[],"meta":{},"tags":[]},{"ancestorTitles":["Phase 2C.7B Judge node service contract"],"fullName":"Phase 2C.7B Judge node service contract rejects stale incarnation, honors drain/offline, and does not expose node credentials","status":"passed","title":"rejects stale incarnation, honors drain/offline, and does not expose node credentials","duration":12.657200000000103,"failureMessages":[],"meta":{},"tags":[]},{"ancestorTitles":["Phase 2C.7B Judge node service contract"],"fullName":"Phase 2C.7B Judge node service contract resolves fixture work through the current assignment and releases capacity","status":"passed","title":"resolves fixture work through the current assignment and releases capacity","duration":11.036299999999983,"failureMessages":[],"meta":{},"tags":[]},{"ancestorTitles":["Phase 2C.7B Judge node service contract"],"fullName":"Phase 2C.7B Judge node service contract does not let a node cancel an assignment with a wrong lease token","status":"passed","title":"does not let a node cancel an assignment with a wrong lease token","duration":12.146199999999908,"failureMessages":[],"meta":{},"tags":[]},{"ancestorTitles":["Phase 2C.7B Judge node service contract"],"fullName":"Phase 2C.7B Judge node service contract reports cancellation only to the current assignment and releases capacity after service cancellation","status":"passed","title":"reports cancellation only to the current assignment and releases capacity after service cancellation","duration":14.741200000000163,"failureMessages":[],"meta":{},"tags":[]},{"ancestorTitles":["Phase 2C.7B Judge node service contract"],"fullName":"Phase 2C.7B Judge node service contract rejects cancellation status queries from a stale incarnation","status":"passed","title":"rejects cancellation status queries from a stale incarnation","duration":11.365199999999959,"failureMessages":[],"meta":{},"tags":[]},{"ancestorTitles":["Phase 2C.7B Judge node service contract"],"fullName":"Phase 2C.7B Judge node service contract does not over-reserve in-memory node capacity","status":"passed","title":"does not over-reserve in-memory node capacity","duration":2.0730999999998403,"failureMessages":[],"meta":{},"tags":[]},{"ancestorTitles":["Phase 2C.7B Judge node service contract"],"fullName":"Phase 2C.7B Judge node service contract preserves operator intent through completion and requires service auth for admin","status":"passed","title":"preserves operator intent through completion and requires service auth for admin","duration":9.097999999999956,"failureMessages":[],"meta":{},"tags":[]},{"ancestorTitles":["Phase 2C.7B Judge node service contract"],"fullName":"Phase 2C.7B Judge node service contract does not revive draining intent when the same worker re-registers","status":"passed","title":"does not revive draining intent when the same worker re-registers","duration":0.5041999999998552,"failureMessages":[],"meta":{},"tags":[]},{"ancestorTitles":["Phase 2C.7B Judge node service contract"],"fullName":"Phase 2C.7B Judge node service contract compensates a claim when node capacity reservation loses a race","status":"passed","title":"compensates a claim when node capacity reservation loses a race","duration":10.816900000000032,"failureMessages":[],"meta":{},"tags":[]}],"startTime":1790067850480,"endTime":1790067850814.817,"status":"passed","message":"","name":"D:/OJPlatform-worktrees/fullstack-sync-v1/tests/judge-node-service.test.ts"},{"assertionResults":[{"ancestorTitles":["Judge pool autoscaler"],"fullName":"Judge pool autoscaler never changes desired count in MANUAL mode","status":"passed","title":"never changes desired count in MANUAL mode","duration":5.480000000000018,"failureMessages":[],"meta":{},"tags":[]},{"ancestorTitles":["Judge pool autoscaler"],"fullName":"Judge pool autoscaler performs normal and fast scale-up from queue pressure","status":"passed","title":"performs normal and fast scale-up from queue pressure","duration":0.8111999999999853,"failureMessages":[],"meta":{},"tags":[]},{"ancestorTitles":["Judge pool autoscaler"],"fullName":"Judge pool autoscaler bounds scale-up by max nodes and host CPU/RAM reserves","status":"passed","title":"bounds scale-up by max nodes and host CPU/RAM reserves","duration":0.5372999999999593,"failureMessages":[],"meta":{},"tags":[]},{"ancestorTitles":["Judge pool autoscaler"],"fullName":"Judge pool autoscaler honors independent cooldowns and sustained idle hysteresis","status":"passed","title":"honors independent cooldowns and sustained idle hysteresis","duration":0.7403000000000475,"failureMessages":[],"meta":{},"tags":[]},{"ancestorTitles":["Judge pool autoscaler"],"fullName":"Judge pool autoscaler records deterministic bounded audit data and rejects invalid policies","status":"passed","title":"records deterministic bounded audit data and rejects invalid policies","duration":2.070899999999938,"failureMessages":[],"meta":{},"tags":[]}],"startTime":1790067855343,"endTime":1790067855352.0708,"status":"passed","message":"","name":"D:/OJPlatform-worktrees/fullstack-sync-v1/tests/judge-pool-autoscaler.test.ts"},{"assertionResults":[{"ancestorTitles":["real Redis judge queue recovery qualification"],"fullName":"real Redis judge queue recovery qualification Q03/Q04/Q06 uses Redis to preserve concurrent enqueue and claim isolation","status":"skipped","title":"Q03/Q04/Q06 uses Redis to preserve concurrent enqueue and claim isolation","failureMessages":[],"meta":{},"tags":[]},{"ancestorTitles":["real Redis judge queue recovery qualification"],"fullName":"real Redis judge queue recovery qualification Q10/Q18/Q19 serializes completion, expiry recovery, and stale retry","status":"skipped","title":"Q10/Q18/Q19 serializes completion, expiry recovery, and stale retry","failureMessages":[],"meta":{},"tags":[]},{"ancestorTitles":["real Redis judge queue recovery qualification"],"fullName":"real Redis judge queue recovery qualification rejects stale lease cancellation after Redis recovery","status":"skipped","title":"rejects stale lease cancellation after Redis recovery","failureMessages":[],"meta":{},"tags":[]},{"ancestorTitles":["real Redis judge queue recovery qualification"],"fullName":"real Redis judge queue recovery qualification R01/R02/R03/Q27 rejects an unavailable client and resumes without duplicate enqueue","status":"skipped","title":"R01/R02/R03/Q27 rejects an unavailable client and resumes without duplicate enqueue","failureMessages":[],"meta":{},"tags":[]},{"ancestorTitles":["real Redis judge queue recovery qualification"],"fullName":"real Redis judge queue recovery qualification LIR-11/16/20 preserves real attempt authority across API repository restart","status":"skipped","title":"LIR-11/16/20 preserves real attempt authority across API repository restart","failureMessages":[],"meta":{},"tags":[]}],"startTime":1790067839449,"endTime":1790067839449,"status":"passed","message":"","name":"D:/OJPlatform-worktrees/fullstack-sync-v1/tests/judge-queue-redis.test.ts"},{"assertionResults":[{"ancestorTitles":["judge queue recovery matrix"],"fullName":"judge queue recovery matrix Q01/Q02/Q03 one logical job under >=20 concurrent duplicate enqueue","status":"passed","title":"Q01/Q02/Q03 one logical job under >=20 concurrent duplicate enqueue","duration":4.850099999999884,"failureMessages":[],"meta":{},"tags":[]},{"ancestorTitles":["judge queue recovery matrix"],"fullName":"judge queue recovery matrix Q04 distinct submissions remain isolated under concurrent enqueue","status":"passed","title":"Q04 distinct submissions remain isolated under concurrent enqueue","duration":0.7537999999999556,"failureMessages":[],"meta":{},"tags":[]},{"ancestorTitles":["judge queue recovery matrix"],"fullName":"judge queue recovery matrix Q05/Q06 one lease winner in concurrent claim race","status":"passed","title":"Q05/Q06 one lease winner in concurrent claim race","duration":0.6891000000000531,"failureMessages":[],"meta":{},"tags":[]},{"ancestorTitles":["judge queue recovery matrix"],"fullName":"judge queue recovery matrix Q07/Q08 expiry invalidates stale token and creates new attempt","status":"passed","title":"Q07/Q08 expiry invalidates stale token and creates new attempt","duration":9.901799999999866,"failureMessages":[],"meta":{},"tags":[]},{"ancestorTitles":["judge queue recovery matrix"],"fullName":"judge queue recovery matrix Q09/Q10 duplicate completion has one terminal effect","status":"passed","title":"Q09/Q10 duplicate completion has one terminal effect","duration":0.6622999999999593,"failureMessages":[],"meta":{},"tags":[]},{"ancestorTitles":["judge queue recovery matrix"],"fullName":"judge queue recovery matrix Q11/Q12/Q17 rejects wrong and late stale completion","status":"passed","title":"Q11/Q12/Q17 rejects wrong and late stale completion","duration":10.593399999999974,"failureMessages":[],"meta":{},"tags":[]},{"ancestorTitles":["judge queue recovery matrix"],"fullName":"judge queue recovery matrix binds Worker cancellation to the current lease without changing external cancellation","status":"passed","title":"binds Worker cancellation to the current lease without changing external cancellation","duration":1.6289000000001579,"failureMessages":[],"meta":{},"tags":[]},{"ancestorTitles":["judge queue recovery matrix"],"fullName":"judge queue recovery matrix rejects a stale lease cancellation after recovery and accepts the current lease","status":"passed","title":"rejects a stale lease cancellation after recovery and accepts the current lease","duration":1.0393999999998869,"failureMessages":[],"meta":{},"tags":[]},{"ancestorTitles":["judge
[...]
me":"Phase 7C Windows production bootstrap contract treats Windows only as a bootstrap for the Linux installer","status":"passed","title":"treats Windows only as a bootstrap for the Linux installer","duration":1.4259999999999309,"failureMessages":[],"meta":{},"tags":[]},{"ancestorTitles":["Phase 7C Windows production bootstrap contract"],"fullName":"Phase 7C Windows production bootstrap contract fails closed on unsupported Windows and resource boundaries","status":"passed","title":"fails closed on unsupported Windows and resource boundaries","duration":0.4414000000001579,"failureMessages":[],"meta":{},"tags":[]},{"ancestorTitles":["Phase 7C Windows production bootstrap contract"],"fullName":"Phase 7C Windows production bootstrap contract self-elevates and preserves validated installation arguments","status":"passed","title":"self-elevates and preserves validated installation arguments","duration":0.3011999999998807,"failureMessages":[],"meta":{},"tags":[]},{"ancestorTitles":["Phase 7C Windows production bootstrap contract"],"fullName":"Phase 7C Windows production bootstrap contract uses Microsoft WSL2 and the advertised Ubuntu 24.04 distro","status":"passed","title":"uses Microsoft WSL2 and the advertised Ubuntu 24.04 distro","duration":0.34710000000040964,"failureMessages":[],"meta":{},"tags":[]},{"ancestorTitles":["Phase 7C Windows production bootstrap contract"],"fullName":"Phase 7C Windows production bootstrap contract has bounded secret-free reboot resume and idempotent startup tasks","status":"passed","title":"has bounded secret-free reboot resume and idempotent startup tasks","duration":3.9113000000002103,"failureMessages":[],"meta":{},"tags":[]},{"ancestorTitles":["Phase 7C Windows production bootstrap contract"],"fullName":"Phase 7C Windows production bootstrap contract streams bounded Linux setup progress without native quoting corruption","status":"passed","title":"streams bounded Linux setup progress without native quoting corruption","duration":0.47430000000031214,"failureMessages":[],"meta":{},"tags":[]},{"ancestorTitles":["Phase 7C Windows production bootstrap contract"],"fullName":"Phase 7C Windows production bootstrap contract re-resolves the API after an idempotent container recreate","status":"passed","title":"re-resolves the API after an idempotent container recreate","duration":0.2355000000002292,"failureMessages":[],"meta":{},"tags":[]},{"ancestorTitles":["Phase 7C Windows production bootstrap contract"],"fullName":"Phase 7C Windows production bootstrap contract initializes Ubuntu without an interactive password or UNIX-user prompt","status":"passed","title":"initializes Ubuntu without an interactive password or UNIX-user prompt","duration":0.8553999999999178,"failureMessages":[],"meta":{},"tags":[]},{"ancestorTitles":["Phase 7C Windows production bootstrap contract"],"fullName":"Phase 7C Windows production bootstrap contract uses localhost, validates health, and prints a stable result","status":"passed","title":"uses localhost, validates health, and prints a stable result","duration":2.7279999999996107,"failureMessages":[],"meta":{},"tags":[]},{"ancestorTitles":["Phase 7C Windows production bootstrap contract"],"fullName":"Phase 7C Windows production bootstrap contract bootstraps Git only through winget or the official Git fallback","status":"passed","title":"bootstraps Git only through winget or the official Git fallback","duration":0.8976000000002387,"failureMessages":[],"meta":{},"tags":[]},{"ancestorTitles":["Phase 7C Windows production bootstrap contract"],"fullName":"Phase 7C Windows production bootstrap contract ships a read-only Windows doctor with a machine-readable verdict","status":"passed","title":"ships a read-only Windows doctor with a machine-readable verdict","duration":0.515400000000227,"failureMessages":[],"meta":{},"tags":[]},{"ancestorTitles":["Phase 7C Windows production bootstrap contract"],"fullName":"Phase 7C Windows production bootstrap contract provides visible bilingual navigation without losing deployment guidance","status":"passed","title":"provides visible bilingual navigation without losing deployment guidance","duration":0.4827999999997701,"failureMessages":[],"meta":{},"tags":[]},{"ancestorTitles":["Phase 7C Windows production bootstrap contract"],"fullName":"Phase 7C Windows production bootstrap contract makes Chinese the default GitHub landing language","status":"passed","title":"makes Chinese the default GitHub landing language","duration":0.57549999999992,"failureMessages":[],"meta":{},"tags":[]},{"ancestorTitles":["Phase 7C Windows production bootstrap contract"],"fullName":"Phase 7C Windows production bootstrap contract keeps the English and full Chinese documents complete and linked","status":"passed","title":"keeps the English and full Chinese documents complete and linked","duration":0.377100000000155,"failureMessages":[],"meta":{},"tags":[]},{"ancestorTitles":["Phase 7C Windows production bootstrap contract"],"fullName":"Phase 7C Windows production bootstrap contract never claims Windows is production qualified","status":"passed","title":"never claims Windows is production qualified","duration":0.7402000000001863,"failureMessages":[],"meta":{},"tags":[]}],"startTime":1790067840561,"endTime":1790067843103.7402,"status":"passed","message":"","name":"D:/OJPlatform-worktrees/fullstack-sync-v1/tests/windows-production-install-contract.test.ts"},{"assertionResults":[{"ancestorTitles":["Phase 2A Worker Authz A2A-01..A2A-24"],"fullName":"Phase 2A Worker Authz A2A-01..A2A-24 A2A-01 unauthenticated protected worker health denied","status":"passed","title":"A2A-01 unauthenticated protected worker health denied","duration":3.6748000000000047,"failureMessages":[],"meta":{},"tags":[]},{"ancestorTitles":["Phase 2A Worker Authz A2A-01..A2A-24"],"fullName":"Phase 2A Worker Authz A2A-01..A2A-24 A2A-02 active operator safe worker view allowed","status":"passed","title":"A2A-02 active operator safe worker view allowed","duration":0.38779999999997017,"failureMessages":[],"meta":{},"tags":[]},{"ancestorTitles":["Phase 2A Worker Authz A2A-01..A2A-24"],"fullName":"Phase 2A Worker Authz A2A-01..A2A-24 A2A-03 ordinary user global inspect denied","status":"passed","title":"A2A-03 ordinary user global inspect denied","duration":0.16460000000006403,"failureMessages":[],"meta":{},"tags":[]},{"ancestorTitles":["Phase 2A Worker Authz A2A-01..A2A-24"],"fullName":"Phase 2A Worker Authz A2A-01..A2A-24 A2A-04 inactive operator denied","status":"passed","title":"A2A-04 inactive operator denied","duration":0.1933999999999969,"failureMessages":[],"meta":{},"tags":[]},{"ancestorTitles":["Phase 2A Worker Authz A2A-01..A2A-24"],"fullName":"Phase 2A Worker Authz A2A-01..A2A-24 A2A-05 malformed auth context denied","status":"passed","title":"A2A-05 malformed auth context denied","duration":0.22239999999999327,"failureMessages":[],"meta":{},"tags":[]},{"ancestorTitles":["Phase 2A Worker Authz A2A-01..A2A-24"],"fullName":"Phase 2A Worker Authz A2A-01..A2A-24 A2A-06 unknown operation deny-by-default","status":"passed","title":"A2A-06 unknown operation deny-by-default","duration":0.37180000000000746,"failureMessages":[],"meta":{},"tags":[]},{"ancestorTitles":["Phase 2A Worker Authz A2A-01..A2A-24"],"fullName":"Phase 2A Worker Authz A2A-01..A2A-24 A2A-07 unknown worker state fail-closed","status":"passed","title":"A2A-07 unknown worker state fail-closed","duration":0.3188000000000102,"failureMessages":[],"meta":{},"tags":[]},{"ancestorTitles":["Phase 2A Worker Authz A2A-01..A2A-24"],"fullName":"Phase 2A Worker Authz A2A-01..A2A-24 A2A-08 capability spoof denied","status":"passed","title":"A2A-08 capability spoof denied","duration":0.23230000000000928,"failureMessages":[],"meta":{},"tags":[]},{"ancestorTitles":["Phase 2A Worker Authz A2A-01..A2A-24"],"fullName":"Phase 2A Worker Authz A2A-01..A2A-24 A2A-09 authoritative ownership used for cancel","status":"passed","title":"A2A-09 authoritative ownership used for cancel","duration":0.7882999999999356,"failureMessages":[],"meta":{},"tags":[]},{"ancestorTitles":["Phase 2A Worker Authz A2A-01..A2A-24"],"fullName":"Phase 2A Worker Authz A2A-01..A2A-24 A2A-10 cross-user horizontal cancellation denied","status":"passed","title":"A2A-10 cross-user horizontal cancellation denied","duration":0.33190000000001874,"failureMessages":[],"meta":{},"tags":[]},{"ancestorTitles":["Phase 2A Worker Authz A2A-01..A2A-24"],"fullName":"Phase 2A Worker Authz A2A-01..A2A-24 A2A-11 terminal cancel rule","status":"passed","title":"A2A-11 terminal cancel rule","duration":0.37009999999997945,"failureMessages":[],"meta":{},"tags":[]},{"ancestorTitles":["Phase 2A Worker Authz A2A-01..A2A-24"],"fullName":"Phase 2A Worker Authz A2A-01..A2A-24 A2A-12 inspect/control capabilities remain distinct","status":"passed","title":"A2A-12 inspect/control capabilities remain distinct","duration":0.2765000000000555,"failureMessages":[],"meta":{},"tags":[]},{"ancestorTitles":["Phase 2A Worker Authz A2A-01..A2A-24"],"fullName":"Phase 2A Worker Authz A2A-01..A2A-24 A2A-13 unsupported restart/drain denied","status":"passed","title":"A2A-13 unsupported restart/drain denied","duration":0.20920000000000982,"failureMessages":[],"meta":{},"tags":[]},{"ancestorTitles":["Phase 2A Worker Authz A2A-01..A2A-24"],"fullName":"Phase 2A Worker Authz A2A-01..A2A-24 A2A-14 manifest cannot claim real execution","status":"passed","title":"A2A-14 manifest cannot claim real execution","duration":1.3205000000000382,"failureMessages":[],"meta":{},"tags":[]},{"ancestorTitles":["Phase 2A Worker Authz A2A-01..A2A-24"],"fullName":"Phase 2A Worker Authz A2A-01..A2A-24 A2A-15 source marker absent from audit","status":"passed","title":"A2A-15 source marker absent from audit","duration":0.3442000000000007,"failureMessages":[],"meta":{},"tags":[]},{"ancestorTitles":["Phase 2A Worker Authz A2A-01..A2A-24"],"fullName":"Phase 2A Worker Authz A2A-01..A2A-24 A2A-16 session secret absent","status":"passed","title":"A2A-16 session secret absent","duration":0.15489999999999782,"failureMessages":[],"meta":{},"tags":[]},{"ancestorTitles":["Phase 2A Worker Authz A2A-01..A2A-24"],"fullName":"Phase 2A Worker Authz A2A-01..A2A-24 A2A-17 raw lease token absent","status":"passed","title":"A2A-17 raw lease token absent","duration":0.11320000000000618,"failureMessages":[],"meta":{},"tags":[]},{"ancestorTitles":["Phase 2A Worker Authz A2A-01..A2A-24"],"fullName":"Phase 2A Worker Authz A2A-01..A2A-24 A2A-18 arbitrary request fields not copied to audit","status":"passed","title":"A2A-18 arbitrary request fields not copied to audit","duration":0.1353999999998905,"failureMessages":[],"meta":{},"tags":[]},{"ancestorTitles":["Phase 2A Worker Authz A2A-01..A2A-24"],"fullName":"Phase 2A Worker Authz A2A-01..A2A-24 A2A-19 decision side-effect free","status":"passed","title":"A2A-19 decision side-effect free","duration":0.08929999999998017,"failureMessages":[],"meta":{},"tags":[]},{"ancestorTitles":["Phase 2A Worker Authz A2A-01..A2A-24"],"fullName":"Phase 2A Worker Authz A2A-01..A2A-24 A2A-20 repeated denied request safe","status":"passed","title":"A2A-20 repeated denied request safe","duration":0.14660000000003492,"failureMessages":[],"meta":{},"tags":[]},{"ancestorTitles":["Phase 2A Worker Authz A2A-01..A2A-24"],"fullName":"Phase 2A Worker Authz A2A-01..A2A-24 A2A-21 stale session/inactive account denied","status":"passed","title":"A2A-21 stale session/inactive account denied","duration":0.06990000000007512,"failureMessages":[],"meta":{},"tags":[]},{"ancestorTitles":["Phase 2A Worker Authz A2A-01..A2A-24"],"fullName":"Phase 2A Worker Authz A2A-01..A2A-24 A2A-22 worker/job mismatch cannot escalate","status":"passed","title":"A2A-22 worker/job mismatch cannot escalate","duration":0.0725999999999658,"failureMessages":[],"meta":{},"tags":[]},{"ancestorTitles":["Phase 2A Worker Authz A2A-01..A2A-24"],"fullName":"Phase 2A Worker Authz A2A-01..A2A-24 A2A-23 malformed worker identity denied","status":"passed","title":"A2A-23 malformed worker identity denied","duration":0.06529999999997926,"failureMessages":[],"meta":{},"tags":[]},{"ancestorTitles":["Phase 2A Worker Authz A2A-01..A2A-24"],"fullName":"Phase 2A Worker Authz A2A-01..A2A-24 A2A-24 reason/error codes do not leak secrets","status":"passed","title":"A2A-24 reason/error codes do not leak secrets","duration":0.21029999999996107,"failureMessages":[],"meta":{},"tags":[]},{"ancestorTitles":["Worker resource projections and NEG-01..NEG-15"],"fullName":"Worker resource projections and NEG-01..NEG-15 projects only safe fields to an owner and safe capabilities to operators","status":"passed","title":"projects only safe fields to an owner and safe capabilities to operators","duration":0.6970000000000027,"failureMessages":[],"meta":{},"tags":[]},{"ancestorTitles":["Worker resource projections and NEG-01..NEG-15"],"fullName":"Worker resource projections and NEG-01..NEG-15 NEG-01 forged worker id cannot bypass policy","status":"passed","title":"NEG-01 forged worker id cannot bypass policy","duration":0.11869999999998981,"failureMessages":[],"meta":{},"tags":[]},{"ancestorTitles":["Worker resource projections and NEG-01..NEG-15"],"fullName":"Worker resource projections and NEG-01..NEG-15 NEG-02 arbitrary control payload cannot inject command/path","status":"passed","title":"NEG-02 arbitrary control payload cannot inject command/path","duration":0.07989999999995234,"failureMessages":[],"meta":{},"tags":[]},{"ancestorTitles":["Worker resource projections and NEG-01..NEG-15"],"fullName":"Worker resource projections and NEG-01..NEG-15 NEG-03 diagnostic enumeration denied to unrelated user","status":"passed","title":"NEG-03 diagnostic enumeration denied to unrelated user","duration":0.07120000000008986,"failureMessages":[],"meta":{},"tags":[]},{"ancestorTitles":["Worker resource projections and NEG-01..NEG-15"],"fullName":"Worker resource projections and NEG-01..NEG-15 NEG-04 operator cancellation uses exact worker authority","status":"passed","title":"NEG-04 operator cancellation uses exact worker authority","duration":0.08500000000003638,"failureMessages":[],"meta":{},"tags":[]},{"ancestorTitles":["Worker resource projections and NEG-01..NEG-15"],"fullName":"Worker resource projections and NEG-01..NEG-15 NEG-05 missing resolver fails closed","status":"passed","title":"NEG-05 missing resolver fails closed","duration":0.09740000000010696,"failureMessages":[],"meta":{},"tags":[]},{"ancestorTitles":["Worker resource projections and NEG-01..NEG-15"],"fullName":"Worker resource projections and NEG-01..NEG-15 NEG-06 unknown lifecycle state is not projected","status":"passed","title":"NEG-06 unknown lifecycle state is not projected","duration":0.13320000000010168,"failureMessages":[],"meta":{},"tags":[]},{"ancestorTitles":["Worker resource projections and NEG-01..NEG-15"],"fullName":"Worker resource projections and NEG-01..NEG-15 NEG-07 terminal cancel is a denial/no-op","status":"passed","title":"NEG-07 terminal cancel is a denial/no-op","duration":0.1308999999999969,"failureMessages":[],"meta":{},"tags":[]},{"ancestorTitles":["Worker resource projections and NEG-01..NEG-15"],"fullName":"Worker resource projections and NEG-01..NEG-15 NEG-08 client role cannot grant capability","status":"passed","title":"NEG-08 client role cannot grant capability","duration":0.10859999999991032,"failureMessages":[],"meta":{},"tags":[]},{"ancestorTitles":["Worker resource projections and NEG-01..NEG-15"],"fullName":"Worker resource projections and NEG-01..NEG-15 NEG-09 null identifiers fail safely","status":"passed","title":"NEG-09 null identifiers fail safely","duration":0.10730000000000928,"failureMessages":[],"meta":{},"tags":[]},{"ancestorTitles":["Worker resource projections and NEG-01..NEG-15"],"fullName":"Worker resource projections and NEG-01..NEG-15 NEG-10 cross-user horizontal cancellation denied","status":"passed","title":"NEG-10 cross-user horizontal cancellation denied","duration":0.10420000000010532,"failureMessages":[],"meta":{},"tags":[]},{"ancestorTitles":["Worker resource projections and NEG-01..NEG-15"],"fullName":"Worker resource projections and NEG-01..NEG-15 NEG-11 exact operator scope is required","status":"passed","title":"NEG-11 exact operator scope is required","duration":0.0946999999999889,"failureMessages":[],"meta":{},"tags":[]},{"ancestorTitles":["Worker resource projections and NEG-01..NEG-15"],"fullName":"Worker resource projections and NEG-01..NEG-15 NEG-12 no queue/worker mutation API exists on policy","status":"passed","title":"NEG-12 no queue/worker mutation API exists on policy","duration":0.1610000000000582,"failureMessages":[],"meta":{},"tags":[]},{"ancestorTitles":["Worker resource projections and NEG-01..NEG-15"],"fullName":"Worker resource projections and NEG-01..NEG-15 NEG-13 replayed privileged request rechecks account state","status":"passed","title":"NEG-13 replayed privileged request rechecks account state","duration":0.1369000000000824,"failureMessages":[],"meta":{},"tags":[]},{"ancestorTitles":["Worker resource projections and NEG-01..NEG-15"],"fullName":"Worker resource projections and NEG-01..NEG-15 NEG-14 hidden fields never appear in safe projection","status":"passed","title":"NEG-14 hidden fields never appear in safe projection","duration":0.1632999999999356,"failureMessages":[],"meta":{},"tags":[]},{"ancestorTitles":["Worker resource projections and NEG-01..NEG-15"],"fullName":"Worker resource projections and NEG-01..NEG-15 NEG-15 safe fixture is the only advertised execution mode","status":"passed","title":"NEG-15 safe fixture is the only advertised execution mode","duration":0.14049999999997453,"failureMessages":[],"meta":{},"tags":[]}],"startTime":1790067854951,"endTime":1790067854964.1633,"status":"passed","message":"","name":"D:/OJPlatform-worktrees/fullstack-sync-v1/tests/worker-authz.test.ts"},{"assertionResults":[{"ancestorTitles":["Lead Worker control API"],"fullName":"Lead Worker control API denies diagnostics and capabilities to unauthenticated/ordinary users","status":"passed","title":"denies diagnostics and capabilities to unauthenticated/ordinary users","duration":179.66750000000002,"failureMessages":[],"meta":{},"tags":[]},{"ancestorTitles":["Lead Worker control API"],"fullName":"Lead Worker control API uses authoritative submission ownership for cancellation and is idempotent","status":"passed","title":"uses authoritative submission ownership for cancellation and is idempotent","duration":7.249699999999848,"failureMessages":[],"meta":{},"tags":[]},{"ancestorTitles":["Lead Worker control API"],"fullName":"Lead Worker control API rejects terminal cancellation and never exposes internal fields","status":"passed","title":"rejects terminal cancellation and never exposes internal fields","duration":4.2258999999999105,"failureMessages":[],"meta":{},"tags":[]},{"ancestorTitles":["Lead Worker control API"],"fullName":"Lead Worker control API cancels production submissions through the authoritative control plane","status":"passed","title":"cancels production submissions through the authoritative control plane","duration":6.785499999999956,"failureMessages":[],"meta":{},"tags":[]},{"ancestorTitles":["Lead Worker control API"],"fullName":"Lead Worker control API falls back to the persisted cancellation without a control-plane publication","status":"passed","title":"falls back to the persisted cancellation without a control-plane publication","duration":4.538099999999758,"failureMessages":[],"meta":{},"tags":[]},{"ancestorTitles":["Lead Worker control API"],"fullName":"Lead Worker control API reports a missing control-plane judge job instead of a fake outage","status":"passed","title":"reports a missing control-plane judge job instead of a fake outage","duration":1.9140999999999622,"failureMessages":[],"meta":{},"tags":[]}],"startTime":1790067854386,"endTime":1790067854590.914,"status":"passed","message":"","name":"D:/OJPlatform-worktrees/fullstack-sync-v1/tests/worker-control.test.ts"}]}